Log file open, 03/13/18 14:48:16
LogWindows: Failed to load 'aqProf.dll' (GetLastError=126)
LogWindows: File 'aqProf.dll' does not exist
LogWindows: Failed to load 'VtuneApi.dll' (GetLastError=126)
LogWindows: File 'VtuneApi.dll' does not exist
LogWindows: Failed to load 'VtuneApi32e.dll' (GetLastError=126)
LogWindows: File 'VtuneApi32e.dll' does not exist
LogInit: Display: Running engine for game: TechDemo
LogPlatformFile: Not using cached read wrapper
LogInit: Display: RandInit(-1417385855) SRandInit(-1417385855).
LogTaskGraph: Started task graph with 5 named threads and 14 total threads with 3 sets of task threads.
LogStats: Stats thread started at 0.160435
LogD3D11RHI: Aftermath initialized
LogPluginManager: Mounting plugin Paper2D
LogPluginManager: Mounting plugin LightPropagationVolume
LogPluginManager: Mounting plugin CodeLiteSourceCodeAccess
LogPluginManager: Mounting plugin GitSourceControl
LogPluginManager: Mounting plugin KDevelopSourceCodeAccess
LogPluginManager: Mounting plugin NullSourceCodeAccess
LogPluginManager: Mounting plugin PerforceSourceControl
LogPluginManager: Mounting plugin SubversionSourceControl
LogPluginManager: Mounting plugin UObjectPlugin
LogPluginManager: Mounting plugin VisualStudioSourceCodeAccess
LogPluginManager: Mounting plugin XCodeSourceCodeAccess
LogPluginManager: Mounting plugin AssetManagerEditor
LogPluginManager: Mounting plugin AudioCapture
LogPluginManager: Mounting plugin FacialAnimation
LogPluginManager: Mounting plugin GameplayTagsEditor
LogPluginManager: Mounting plugin MobileLauncherProfileWizard
LogPluginManager: Mounting plugin PluginBrowser
LogPluginManager: Mounting plugin SpeedTreeImporter
LogPluginManager: Mounting plugin AlembicImporter
LogPluginManager: Mounting plugin CharacterAI
LogPluginManager: Mounting plugin HTML5Networking
LogPluginManager: Mounting plugin AndroidMedia
LogPluginManager: Mounting plugin AvfMedia
LogPluginManager: Mounting plugin MediaPlayerEditor
LogPluginManager: Mounting plugin WmfMedia
LogPluginManager: Mounting plugin TcpMessaging
LogPluginManager: Mounting plugin UdpMessaging
LogPluginManager: Mounting plugin LevelSequenceEditor
LogPluginManager: Mounting plugin MatineeToLevelSequence
LogPluginManager: Mounting plugin OnlineSubsystemGooglePlay
LogPluginManager: Mounting plugin OnlineSubsystemIOS
LogPluginManager: Mounting plugin OnlineSubsystem
LogPluginManager: Mounting plugin OnlineSubsystemNull
LogPluginManager: Mounting plugin OnlineSubsystemUtils
LogPluginManager: Mounting plugin AndroidDeviceProfileSelector
LogPluginManager: Mounting plugin AndroidMoviePlayer
LogPluginManager: Mounting plugin AndroidPermission
LogPluginManager: Mounting plugin AppleMoviePlayer
LogPluginManager: Mounting plugin ArchVisCharacter
LogPluginManager: Mounting plugin CableComponent
LogPluginManager: Mounting plugin CustomMeshComponent
LogPluginManager: Mounting plugin ExampleDeviceProfileSelector
LogPluginManager: Mounting plugin GoogleCloudMessaging
LogPluginManager: Mounting plugin ImmediatePhysics
LogPluginManager: Mounting plugin IOSDeviceProfileSelector
LogPluginManager: Mounting plugin LinuxDeviceProfileSelector
LogPluginManager: Mounting plugin LocationServicesBPLibrary
LogPluginManager: Mounting plugin MobilePatchingUtils
LogPluginManager: Mounting plugin OculusVR
LogPluginManager: Mounting plugin PhysXVehicles
LogPluginManager: Mounting plugin ProceduralMeshComponent
LogPluginManager: Mounting plugin RuntimePhysXCooking
LogPluginManager: Mounting plugin SteamVR
LogPluginManager: Mounting plugin WindowsMoviePlayer
LogInit: Using libcurl 7.47.1
LogInit:  - built for x86_64-pc-win32
LogInit:  - supports SSL with OpenSSL/1.0.2g
LogInit:  - supports HTTP deflate (compression) using libz 1.2.8
LogInit:  - other features:
LogInit:      CURL_VERSION_SSL
LogInit:      CURL_VERSION_LIBZ
LogInit:      CURL_VERSION_IPV6
LogInit:      CURL_VERSION_ASYNCHDNS
LogInit:      CURL_VERSION_LARGEFILE
LogInit:      CURL_VERSION_IDN
LogInit:  CurlRequestOptions (configurable via config and command line):
LogInit:  - bVerifyPeer = false  - Libcurl will NOT verify peer certificate
LogInit:  - bUseHttpProxy = false  - Libcurl will NOT use HTTP proxy
LogInit:  - bDontReuseConnections = false  - Libcurl will reuse connections
LogInit:  - CertBundlePath = nullptr  - Libcurl will use whatever was configured at build time.
LogInit: Build: ++UE4+Release-4.17-CL-3658906
LogInit: Engine Version: 4.17.2-3658906+++UE4+Release-4.17
LogInit: Compatible Engine Version: 4.17.0-3573198+++UE4+Release-4.17
LogInit: Net CL: 3573198
LogDevObjectVersion: Number of dev versions registered: 16
LogDevObjectVersion:   Dev-Blueprints (B0D832E4-1F89-4F0D-ACCF-7EB736FD4AA2): 10
LogDevObjectVersion:   Dev-Build (E1C64328-A22C-4D53-A36C-8E866417BD8C): 0
LogDevObjectVersion:   Dev-Core (375EC13C-06E4-48FB-B500-84F0262A717E): 2
LogDevObjectVersion:   Dev-Editor (E4B068ED-F494-42E9-A231-DA0B2E46BB41): 20
LogDevObjectVersion:   Dev-Framework (CFFC743F-43B0-4480-9391-14DF171D2073): 28
LogDevObjectVersion:   Dev-Mobile (B02B49B5-BB20-44E9-A304-32B752E40360): 0
LogDevObjectVersion:   Dev-Networking (A4E4105C-59A1-49B5-A7C5-40C4547EDFEE): 0
LogDevObjectVersion:   Dev-Online (39C831C9-5AE6-47DC-9A44-9C173E1C8E7C): 0
LogDevObjectVersion:   Dev-Physics (78F01B33-EBEA-4F98-B9B4-84EACCB95AA2): 0
LogDevObjectVersion:   Dev-Platform (6631380F-2D4D-43E0-8009-CF276956A95A): 0
LogDevObjectVersion:   Dev-Rendering (12F88B9F-8875-4AFC-A67C-D90C383ABD29): 19
LogDevObjectVersion:   Dev-Sequencer (7B5AE74C-D270-4C10-A958-57980B212A5A): 4
LogDevObjectVersion:   Dev-VR (D7296918-1DD6-4BDD-9DE2-64A83CC13884): 0
LogDevObjectVersion:   Dev-LoadTimes (C2A15278-BFE7-4AFE-6C17-90FF531DF755): 1
LogDevObjectVersion:   Private-Geometry (6EACA3D4-40EC-4CC1-B786-8BED09428FC5): 1
LogDevObjectVersion:   Dev-AnimPhys (29E575DD-E0A3-4627-9D10-D276232CDCEA): 7
LogInit: Compiled (64-bit): Sep 22 2017 13:47:16
LogInit: Compiled with Visual C++: 19.00.24215.01
LogInit: Build Configuration: Development
LogInit: Branch Name: ++UE4+Release-4.17
LogInit: Command line:  
LogInit: Base directory: C:/Program Files/Epic Games/UE_4.17/Engine/Binaries/Win64/
LogInit: Installed Engine Build: 1
LogInit: Presizing for max 8388607 objects, including 0 objects not considered by GC, pre-allocating 0 bytes for permanent pool.
LogInit: Object subsystem initialized
[2018.03.13-14.48.19:090][  0]LogInit: Selected Device Profile: [Windows]
[2018.03.13-14.48.19:090][  0]LogInit: Applying CVar settings loaded from the selected device profile: [Windows]
[2018.03.13-14.48.20:288][  0]LogInit: Computer: GAMES-106-025
[2018.03.13-14.48.20:289][  0]LogInit: User: Games
[2018.03.13-14.48.20:289][  0]LogInit: CPU Page size=4096, Cores=4
[2018.03.13-14.48.20:289][  0]LogInit: High frequency timer resolution =3.613349 MHz
[2018.03.13-14.48.20:289][  0]LogMemory: Memory total: Physical=15.9GB (16GB approx)
[2018.03.13-14.48.20:289][  0]LogMemory: Platform Memory Stats for Windows
[2018.03.13-14.48.20:289][  0]LogMemory: Process Physical Memory: 280.10 MB used, 280.10 MB peak
[2018.03.13-14.48.20:289][  0]LogMemory: Process Virtual Memory: 277.52 MB used, 277.52 MB peak
[2018.03.13-14.48.20:289][  0]LogMemory: Physical Memory: 3532.02 MB used,  12729.71 MB free, 16261.73 MB total
[2018.03.13-14.48.20:290][  0]LogMemory: Virtual Memory: 656.48 MB used,  12729.71 MB free, 8388608.00 MB total
[2018.03.13-14.48.21:227][  0]LogInit: Using OS detected language (en-GB).
[2018.03.13-14.48.21:227][  0]LogInit: Using OS detected locale (en-GB).
[2018.03.13-14.48.21:231][  0]LogTextLocalizationManager: No specific localization for 'en-GB' exists, so the 'en' localization will be used.
[2018.03.13-14.48.22:287][  0]LogD3D11RHI: D3D11 adapters:
[2018.03.13-14.48.22:915][  0]LogD3D11RHI:    0. 'NVIDIA GeForce GTX 760' (Feature Level 11_0)
[2018.03.13-14.48.22:915][  0]LogD3D11RHI:       1990/0/2048 MB DedicatedVideo/DedicatedSystem/SharedSystem, Outputs:2, VendorId:0x10de
[2018.03.13-14.48.22:915][  0]LogD3D11RHI: Chosen D3D11 Adapter: 0
[2018.03.13-14.48.22:921][  0]LogD3D11RHI: Creating new Direct3DDevice
[2018.03.13-14.48.22:921][  0]LogD3D11RHI:     GPU DeviceId: 0x1187 (for the marketing name, search the web for "GPU Device Id")
[2018.03.13-14.48.22:921][  0]LogWindows: EnumDisplayDevices:
[2018.03.13-14.48.22:922][  0]LogWindows:    0. 'NVIDIA GeForce GTX 760' (P:1 D:1)
[2018.03.13-14.48.22:922][  0]LogWindows:    1. 'NVIDIA GeForce GTX 760' (P:0 D:1)
[2018.03.13-14.48.22:922][  0]LogWindows:    2. 'NVIDIA GeForce GTX 760' (P:0 D:0)
[2018.03.13-14.48.22:922][  0]LogWindows:    3. 'NVIDIA GeForce GTX 760' (P:0 D:0)
[2018.03.13-14.48.22:922][  0]LogWindows:    4. 'RDPDD Chained DD' (P:0 D:0)
[2018.03.13-14.48.22:922][  0]LogWindows:    5. 'RDP Encoder Mirror Driver' (P:0 D:0)
[2018.03.13-14.48.22:923][  0]LogWindows:    6. 'RDP Reflector Display Driver' (P:0 D:0)
[2018.03.13-14.48.22:923][  0]LogWindows: DebugString: GetVideoDriverDetailsInvalid PrimaryIsNotTheChoosenAdapter GetVideoDriverDetailsInvalid PrimaryIsNotTheChoosenAdapter GetVideoDriverDetailsInvalid PrimaryIsNotTheChoosenAdapter FoundDriverCount:4 
[2018.03.13-14.48.22:923][  0]LogD3D11RHI:     Adapter Name: NVIDIA GeForce GTX 760
[2018.03.13-14.48.22:923][  0]LogD3D11RHI:   Driver Version: 358.91 (internal:10.18.13.5891, unified:358.91)
[2018.03.13-14.48.22:923][  0]LogD3D11RHI:      Driver Date: 11-5-2015
[2018.03.13-14.48.22:923][  0]LogRHI: Texture pool is 1361 MB (70% of 1945 MB)
[2018.03.13-14.48.22:933][  0]LogD3D11RHI: NvAPI_D3D_GetCurrentSLIState failed: 0xfffffff7
[2018.03.13-14.48.22:933][  0]LogD3D11RHI: Async texture creation enabled
[2018.03.13-14.48.22:948][  0]LogD3D11RHI: GPU Timing Frequency: 1000.000000 (Debug: 2 2)
[2018.03.13-14.48.22:950][  0]LogShaderCompilers: Guid format shader working directory is -22 characters bigger than the processId version (E:/New folder/Year 3/Level 5 Scripting tasks/sem 2/Assign 2/TechDemo/Intermediate/Shaders/WorkingDirectory/6732/).
[2018.03.13-14.48.22:950][  0]LogShaderCompilers: Cleaned the shader compiler working directory 'C:/Users/Games/AppData/Local/Temp/UnrealShaderWorkingDir/29C7D6544080C1670E3A94ABC7A62E43/'.
[2018.03.13-14.48.22:950][  0]LogShaderCompilers: Display: Using Local Shader Compiler.
[2018.03.13-14.48.24:645][  0]LogTemp: Display: Loaded TP AllDesktopTargetPlatform
[2018.03.13-14.48.24:727][  0]LogTemp: Display: Loaded TP MacClientTargetPlatform
[2018.03.13-14.48.24:791][  0]LogTemp: Display: Loaded TP MacNoEditorTargetPlatform
[2018.03.13-14.48.24:861][  0]LogTemp: Display: Loaded TP MacServerTargetPlatform
[2018.03.13-14.48.24:924][  0]LogTemp: Display: Loaded TP MacTargetPlatform
[2018.03.13-14.48.25:655][  0]LogTemp: Display: Loaded TP WindowsClientTargetPlatform
[2018.03.13-14.48.25:723][  0]LogTemp: Display: Loaded TP WindowsNoEditorTargetPlatform
[2018.03.13-14.48.26:446][  0]LogTemp: Display: Loaded TP WindowsServerTargetPlatform
[2018.03.13-14.48.26:510][  0]LogTemp: Display: Loaded TP WindowsTargetPlatform
[2018.03.13-14.48.26:574][  0]LogTemp: Display: Loaded TP AndroidTargetPlatform
[2018.03.13-14.48.27:292][  0]LogTemp: Display: Loaded TP Android_ASTCTargetPlatform
[2018.03.13-14.48.27:380][  0]LogTemp: Display: Loaded TP Android_ATCTargetPlatform
[2018.03.13-14.48.28:075][  0]LogTemp: Display: Loaded TP Android_DXTTargetPlatform
[2018.03.13-14.48.28:159][  0]LogTemp: Display: Loaded TP Android_ETC1TargetPlatform
[2018.03.13-14.48.28:231][  0]LogTemp: Display: Loaded TP Android_ETC2TargetPlatform
[2018.03.13-14.48.29:032][  0]LogTemp: Display: Loaded TP Android_MultiTargetPlatform
[2018.03.13-14.48.29:032][  0]LogTemp: Display: Loaded TP Android_PVRTCTargetPlatform
[2018.03.13-14.48.29:743][  0]LogTemp: Display: Loaded TP HTML5TargetPlatform
[2018.03.13-14.48.29:871][  0]LogTemp: Display: Loaded TP IOSTargetPlatform
[2018.03.13-14.48.30:550][  0]LogTemp: Display: Loaded TP TVOSTargetPlatform
[2018.03.13-14.48.30:645][  0]LogTemp: Display: Loaded TP LinuxClientTargetPlatform
[2018.03.13-14.48.30:733][  0]LogTemp: Display: Loaded TP LinuxNoEditorTargetPlatform
[2018.03.13-14.48.30:819][  0]LogTemp: Display: Loaded TP LinuxServerTargetPlatform
[2018.03.13-14.48.30:899][  0]LogTemp: Display: Loaded TP LinuxTargetPlatform
[2018.03.13-14.48.30:899][  0]LogTargetPlatformManager: Display: Building Assets For Windows
[2018.03.13-14.48.32:912][  0]LogDerivedDataCache: Display: Max Cache Size: 512 MB
[2018.03.13-14.48.33:029][  0]LogDerivedDataCache: Loaded boot cache 0.12s 93MB C:/Users/Games/AppData/Local/UnrealEngine/4.17/DerivedDataCache/Boot.ddc.
[2018.03.13-14.48.33:029][  0]LogDerivedDataCache: Display: Loaded Boot cache: C:/Users/Games/AppData/Local/UnrealEngine/4.17/DerivedDataCache/Boot.ddc
[2018.03.13-14.48.33:543][  0]LogDerivedDataCache: FDerivedDataBackendGraph:  Pak pak cache file E:/New folder/Year 3/Level 5 Scripting tasks/sem 2/Assign 2/TechDemo/DerivedDataCache/DDC.ddp not found, will not use a pak cache.
[2018.03.13-14.48.33:543][  0]LogDerivedDataCache: Unable to find inner node Pak for hierarchical cache Hierarchy.
[2018.03.13-14.48.33:543][  0]LogDerivedDataCache: FDerivedDataBackendGraph:  CompressedPak pak cache file E:/New folder/Year 3/Level 5 Scripting tasks/sem 2/Assign 2/TechDemo/DerivedDataCache/Compressed.ddp not found, will not use a pak cache.
[2018.03.13-14.48.33:543][  0]LogDerivedDataCache: Unable to find inner node CompressedPak for hierarchical cache Hierarchy.
[2018.03.13-14.48.33:587][  0]LogDerivedDataCache: Display: Pak cache opened for reading ../../../Engine/DerivedDataCache/Compressed.ddp.
[2018.03.13-14.48.33:599][  0]LogDerivedDataCache: Using Local data cache path C:/Users/Games/AppData/Local/UnrealEngine/Common/DerivedDataCache: Writable
[2018.03.13-14.48.33:611][  0]LogMaterial: Verifying Global Shaders for PCD3D_SM5
[2018.03.13-14.48.33:611][  0]LogSlate: Using Freetype 2.6.0
[2018.03.13-14.48.33:612][  0]LogSlate: SlateFontCache - WITH_FREETYPE: 1, WITH_HARFBUZZ: 1
[2018.03.13-14.48.33:612][  0]LogSlate: SlateFontCache - WITH_FREETYPE: 1, WITH_HARFBUZZ: 1
[2018.03.13-14.48.34:411][  0]LogAssetRegistry: FAssetRegistry took 0.5160 seconds to start up
[2018.03.13-14.48.35:310][  0]LogInit: Selected Device Profile: [Windows]
[2018.03.13-14.48.35:317][  0]LogContentStreaming: Texture pool size is 0.00 MB
[2018.03.13-14.48.37:509][  0]LogSimplygon: Simplygon DLL not present - disabling.
[2018.03.13-14.48.37:573][  0]LogMeshReduction: Using SimplygonSwarm for distributed automatic mesh merging
[2018.03.13-14.48.37:573][  0]LogMeshReduction: Using QuadricMeshReduction for automatic static mesh reduction
[2018.03.13-14.48.37:573][  0]LogMeshReduction: No automatic skeletal mesh reduction module available
[2018.03.13-14.48.37:573][  0]LogMeshReduction: No automatic mesh merging module available
[2018.03.13-14.48.37:573][  0]LogMeshMerging: No automatic mesh merging module available
[2018.03.13-14.48.39:311][  0]LogNetVersion: TechDemo , NetCL: 3573198, EngineNetVer: 2, GameNetVer: 0 (Checksum: 41209163)
[2018.03.13-14.48.40:837][  0]LogPackageLocalizationCache: Processed 5 localized package path(s) for 2 prioritized culture(s) in 0.804900 seconds
[2018.03.13-14.48.40:849][  0]LogUObjectArray: 35825 objects as part of root set at end of initial load.
[2018.03.13-14.48.40:849][  0]LogUObjectAllocator: 7529112 out of 0 bytes used by permanent object pool.
[2018.03.13-14.48.40:849][  0]LogUObjectArray: CloseDisregardForGC: 0/0 objects in disregard for GC pool
[2018.03.13-14.48.40:962][  0]LogInit: WinSock: version 1.1 (2.2), MaxSocks=32767, MaxUdp=65467
[2018.03.13-14.48.49:001][  0]LogTcpMessaging: Initializing TcpMessaging bridge
[2018.03.13-14.48.49:053][  0]LogUdpMessaging: Initializing bridge on interface 0.0.0.0:0 to multicast group 230.0.0.1:6666.
[2018.03.13-14.48.49:867][  0]LogMaterial: Uniform references updated for custom material expression Custom.
[2018.03.13-14.48.51:716][  0]SourceControl: Source control is disabled
[2018.03.13-14.48.51:716][  0]SourceControl: Source control is disabled
[2018.03.13-14.48.51:769][  0]SourceControl: Source control is disabled
[2018.03.13-14.48.51:823][  0]SourceControl: Source control is disabled
[2018.03.13-14.48.54:535][  0]LogAndroidPermission: UAndroidPermissionCallbackProxy::GetInstance
[2018.03.13-14.48.56:177][  0]LogOcInput: OculusInput pre-init called
[2018.03.13-14.48.57:808][  0]LogEngine: Initializing Engine...
[2018.03.13-14.48.57:809][  0]LogHMD: Failed to initialize OpenVR with code 110
[2018.03.13-14.48.58:559][  0]LogStats: UGameplayTagsManager::ConstructGameplayTagTree: Construct from data asset -  0.000 s
[2018.03.13-14.48.58:559][  0]LogStats: UGameplayTagsManager::ConstructGameplayTagTree: GameplayTagTreeChangedEvent.Broadcast -  0.000 s
[2018.03.13-14.48.58:737][  0]LogAIModule: Creating AISystem for world Untitled
[2018.03.13-14.48.58:746][  0]LogInit: XAudio2 using 'Speakers (Conexant HD Audio)' : 2 channels at 44.1 kHz using 16 bits per sample (channel mask 0x3)
[2018.03.13-14.48.58:777][  0]LogInit: FAudioDevice initialized.
[2018.03.13-14.48.59:086][  0]LogDerivedDataCache: Saved boot cache 0.31s 93MB C:/Users/Games/AppData/Local/UnrealEngine/4.17/DerivedDataCache/Boot.ddc.
[2018.03.13-14.48.59:548][  0]LogInit: Texture streaming: Enabled
[2018.03.13-14.48.59:727][  0]LogEngineSessionManager: EngineSessionManager initialized
[2018.03.13-14.49.01:327][  0]LogInit: Transaction tracking system initialized
[2018.03.13-14.49.03:058][  0]BlueprintLog: New page: Editor Load
[2018.03.13-14.49.06:882][  0]LocalizationService: Localization service is disabled
[2018.03.13-14.49.08:526][  0]LogConsoleResponse: Display: 
[2018.03.13-14.49.08:711][  0]LogCook: Display: Max memory allowance for cook 16384mb min free memory 0mb
[2018.03.13-14.49.08:711][  0]LogCook: Display: Mobile HDR setting 1
[2018.03.13-14.49.08:711][  0]LogGameplayTags: Display: UGameplayTagsManager::DoneAddingNativeTags. DelegateIsBound: 0
[2018.03.13-14.49.09:391][  0]LogFileCache: Scanning file cache for directory 'E:/New folder/Year 3/Level 5 Scripting tasks/sem 2/Assign 2/TechDemo/Content/' took 0.02s
[2018.03.13-14.49.12:736][  0]SourceControl: Source control is disabled
[2018.03.13-14.49.12:736][  0]Cmd: MAP LOAD FILE="E:/New folder/Year 3/Level 5 Scripting tasks/sem 2/Assign 2/TechDemo/Content/SideScrollerBP/Maps/SideScrollerExampleMap.umap" TEMPLATE=0 SHOWPROGRESS=1 FEATURELEVEL=3
[2018.03.13-14.49.12:738][  0]LightingResults: New page: Lighting Build
[2018.03.13-14.49.12:792][  0]MapCheck: New page: Map Check
[2018.03.13-14.49.12:792][  0]LightingResults: New page: Lighting Build
[2018.03.13-14.49.13:307][  0]LogAIModule: Creating AISystem for world SideScrollerExampleMap
[2018.03.13-14.49.13:315][  0]LogEditorServer: Finished looking for orphan Actors (0.000 secs)
[2018.03.13-14.49.13:330][  0]Cmd: MAP CHECKDEP NOCLEARLOG
[2018.03.13-14.49.13:390][  0]MapCheck: Map check complete: 0 Error(s), 0 Warning(s), took 60.368ms to complete.
[2018.03.13-14.49.13:390][  0]LogFileHelpers: Loading map 'SideScrollerExampleMap' took 0.654
[2018.03.13-14.49.13:569][  0]LogCollectionManager: Loaded 0 collections in 0.001938 seconds
[2018.03.13-14.49.13:671][  0]LogFileCache: Scanning file cache for directory 'E:/New folder/Year 3/Level 5 Scripting tasks/sem 2/Assign 2/TechDemo/Saved/Collections/' took 0.01s
[2018.03.13-14.49.13:671][  0]LogFileCache: Scanning file cache for directory 'E:/New folder/Year 3/Level 5 Scripting tasks/sem 2/Assign 2/TechDemo/Content/Developers/Games/Collections/' took 0.01s
[2018.03.13-14.49.13:671][  0]LogFileCache: Scanning file cache for directory 'E:/New folder/Year 3/Level 5 Scripting tasks/sem 2/Assign 2/TechDemo/Content/Collections/' took 0.01s
[2018.03.13-14.49.13:671][  0]LogCollectionManager: Rebuilt the GUID cache for 0 collections in 0.000001 seconds
[2018.03.13-14.49.13:682][  0]LogContentBrowser: Native class hierarchy populated in 0.0110 seconds. Added 2386 classes and 500 folders.
[2018.03.13-14.49.13:771][  0]LogContentBrowser: Native class hierarchy updated for 'WidgetCarousel' in 0.0011 seconds. Added 0 classes and 0 folders.
[2018.03.13-14.49.13:815][  0]LogContentBrowser: Native class hierarchy updated for 'AddContentDialog' in 0.0010 seconds. Added 0 classes and 0 folders.
[2018.03.13-14.49.13:866][  0]LogContentBrowser: Native class hierarchy updated for 'SceneOutliner' in 0.0010 seconds. Added 1 classes and 2 folders.
[2018.03.13-14.49.17:079][  0]LogSlate: Took 0.000174 seconds to synchronously load lazily loaded font '../../../Engine/Content/Slate/Fonts/Roboto-Regular.ttf' (155K)
[2018.03.13-14.49.17:082][  0]LogSlate: Took 0.000152 seconds to synchronously load lazily loaded font '../../../Engine/Content/Slate/Fonts/Roboto-Bold.ttf' (160K)
[2018.03.13-14.49.17:087][  0]LogSlate: Took 0.000128 seconds to synchronously load lazily loaded font '../../../Engine/Content/Editor/Slate/Fonts/FontAwesome.ttf' (139K)
[2018.03.13-14.49.17:249][  0]LogTemp: Executing iPhonePackager certificates Engine -bundlename com.YourCompany.TechDemo
[2018.03.13-14.49.17:249][  0]LogTemp: CWD: C:\Program Files\Epic Games\UE_4.17\Engine\Binaries\DotNET\IOS
[2018.03.13-14.49.17:249][  0]LogTemp: Initial Dir: C:\Program Files\Epic Games\UE_4.17
[2018.03.13-14.49.17:249][  0]LogTemp: Env CWD: C:\Program Files\Epic Games\UE_4.17\Engine\Binaries\DotNET\IOS
[2018.03.13-14.49.17:249][  0]LogTemp: BranchPath = GAMES-106-025/C/Program Files/Epic Games/UE_4.17/Engine/Binaries --- GameBranchPath = GAMES-106-025/C/Program Files/Epic Games/UE_4.17/Engine/Binaries
[2018.03.13-14.49.17:249][  0]LogTemp: IPP ERROR: Could not find provision directory 'C:\Users\Games\AppData\Local/Apple Computer/MobileDevice/Provisioning Profiles/'.
[2018.03.13-14.49.17:249][  0]LogRenderer: Reallocating scene render targets to support 1208x580 Format 10 NumSamples 1 (Frame:1).
[2018.03.13-14.49.17:812][  0]LogContentBrowser: Native class hierarchy updated for 'HierarchicalLODOutliner' in 0.0015 seconds. Added 1 classes and 2 folders.
[2018.03.13-14.49.17:813][  0]LogLoad: (Engine Initialization) Total time: 64.74 seconds
[2018.03.13-14.49.17:813][  0]LogLoad: (Engine Initialization) Total Blueprint compile time: 0.00 seconds
[2018.03.13-14.49.17:813][  0]LogExternalProfiler: Found external profiler: VSPerf
[2018.03.13-14.49.17:813][  0]LogExternalProfiler: Using external profiler: VSPerf
[2018.03.13-14.49.17:847][  0]LogContentStreaming: Texture pool size now 1000 MB
[2018.03.13-14.49.17:862][  0]LogSlate: Took 0.000170 seconds to synchronously load lazily loaded font '../../../Engine/Content/Slate/Fonts/Roboto-Light.ttf' (159K)
[2018.03.13-14.49.17:894][  1]LogAssetRegistry: Asset discovery search completed in 43.5022 seconds
[2018.03.13-14.49.17:896][  1]LogCollectionManager: Rebuilt the object cache for 0 collections in 0.000001 seconds (found 0 objects)
[2018.03.13-14.49.17:896][  1]LogCollectionManager: Fixed up redirectors for 0 collections in 0.000089 seconds (updated 0 objects)
[2018.03.13-14.49.19:412][ 20]LogSlate: Took 0.000395 seconds to synchronously load lazily loaded font '../../../Engine/Content/Slate/Fonts/Roboto-Light.ttf' (159K)
[2018.03.13-14.49.24:910][666]LogLinker: Warning: Can't resolve asset name
[2018.03.13-14.53.06:401][178]LogSlate: Took 0.000186 seconds to synchronously load lazily loaded font '../../../Engine/Content/Slate/Fonts/Roboto-Light.ttf' (159K)
[2018.03.13-14.53.08:012][178]LogContentBrowser: Native class hierarchy updated for 'BlueprintGraph' in 0.0018 seconds. Added 113 classes and 0 folders.
[2018.03.13-14.53.08:914][178]LogSlate: Took 0.000274 seconds to synchronously load lazily loaded font '../../../Engine/Content/Editor/Slate/Fonts/Roboto-BoldCondensed.ttf' (158K)
[2018.03.13-14.53.15:956][784]LogSlate: Took 0.000231 seconds to synchronously load lazily loaded font '../../../Engine/Content/Editor/Slate/Fonts/Roboto-Italic.ttf' (157K)
[2018.03.13-15.00.12:471][467]BlueprintLog: New page: Compile SideScrollerExampleMap
[2018.03.13-15.00.12:494][467]LogBlueprint: Error: [Compiler PersistentLevel.SideScrollerExampleMap] Event BeginPlay  Signature Error: The selected function/event is not bindable - is the function/event pure or latent?
[2018.03.13-15.00.12:521][467]LogBlueprint: Warning: [Compiler PersistentLevel.SideScrollerExampleMap] [0719.44] Compile of PersistentLevel.SideScrollerExampleMap failed. 1 Fatal Issue(s) 0 Warning(s) [in 49 ms] (/Game/SideScrollerBP/Maps/SideScrollerExampleMap.SideScrollerExampleMap:PersistentLevel.SideScrollerExampleMap)
[2018.03.13-15.00.20:899][400]BlueprintLog: New page: Compile SideScrollerExampleMap
[2018.03.13-15.00.20:925][400]LogBlueprint: Error: [Compiler PersistentLevel.SideScrollerExampleMap] Event BeginPlay  Signature Error: The selected function/event is not bindable - is the function/event pure or latent?
[2018.03.13-15.00.20:948][400]LogBlueprint: Warning: [Compiler PersistentLevel.SideScrollerExampleMap] [0727.86] Compile of PersistentLevel.SideScrollerExampleMap failed. 1 Fatal Issue(s) 0 Warning(s) [in 49 ms] (/Game/SideScrollerBP/Maps/SideScrollerExampleMap.SideScrollerExampleMap:PersistentLevel.SideScrollerExampleMap)
[2018.03.13-15.00.26:401][982]BlueprintLog: New page: Compile SideScrollerExampleMap
[2018.03.13-15.01.47:432][822]BlueprintLog: New page: Compile SideScrollerExampleMap
[2018.03.13-15.01.53:125][406]LogTemp: Repeating last play command: Selected Viewport
[2018.03.13-15.01.53:638][406]LogBlueprintUserMessages: Early PlayInEditor Detection: Level '/Game/SideScrollerBP/Maps/SideScrollerExampleMap.SideScrollerExampleMap:PersistentLevel' has LevelScriptBlueprint '/Game/SideScrollerBP/Maps/SideScrollerExampleMap.SideScrollerExampleMap:PersistentLevel.SideScrollerExampleMap' with GeneratedClass '/Game/SideScrollerBP/Maps/SideScrollerExampleMap.SideScrollerExampleMap_C' with ClassGeneratedBy '/Game/SideScrollerBP/Maps/SideScrollerExampleMap.SideScrollerExampleMap:PersistentLevel.SideScrollerExampleMap'
[2018.03.13-15.01.53:638][406]LogPlayLevel: PlayLevel: No blueprints needed recompiling
[2018.03.13-15.01.53:639][406]PIE: New page: PIE session: SideScrollerExampleMap (13 Mar 2018 15:01:53)
[2018.03.13-15.01.53:639][406]LogPlayLevel: Creating play world package: /Game/SideScrollerBP/Maps/UEDPIE_0_SideScrollerExampleMap
[2018.03.13-15.01.53:650][406]LogPlayLevel: PIE: StaticDuplicateObject took: (0.010901s)
[2018.03.13-15.01.53:652][406]LogAIModule: Creating AISystem for world SideScrollerExampleMap
[2018.03.13-15.01.53:652][406]LogPlayLevel: PIE: World Init took: (0.001723s)
[2018.03.13-15.01.53:653][406]LogPlayLevel: PIE: Created PIE world by copying editor world from /Game/SideScrollerBP/Maps/SideScrollerExampleMap.SideScrollerExampleMap to /Game/SideScrollerBP/Maps/UEDPIE_0_SideScrollerExampleMap.SideScrollerExampleMap (0.013129s)
[2018.03.13-15.01.53:685][406]LogInit: XAudio2 using 'Speakers (Conexant HD Audio)' : 2 channels at 44.1 kHz using 16 bits per sample (channel mask 0x3)
[2018.03.13-15.01.53:696][406]LogInit: FAudioDevice initialized.
[2018.03.13-15.01.53:735][406]LogLoad: Game class is 'SideScrollerGameMode_C'
[2018.03.13-15.01.53:738][406]LogWorld: Bringing World /Game/SideScrollerBP/Maps/UEDPIE_0_SideScrollerExampleMap.SideScrollerExampleMap up for play (max tick rate 0) at 2018.03.13-15.01.53
[2018.03.13-15.01.53:739][406]LogWorld: Bringing up level for play took: 0.002457
[2018.03.13-15.01.53:791][406]LogContentBrowser: Native class hierarchy updated for 'MovieSceneCapture' in 0.0012 seconds. Added 11 classes and 0 folders.
[2018.03.13-15.01.53:813][406]PIE: Play in editor start time for /Game/SideScrollerBP/Maps/UEDPIE_0_SideScrollerExampleMap -0.817
[2018.03.13-15.01.53:814][406]LogBlueprintUserMessages: Late PlayInEditor Detection: Level '/Game/SideScrollerBP/Maps/SideScrollerExampleMap.SideScrollerExampleMap:PersistentLevel' has LevelScriptBlueprint '/Game/SideScrollerBP/Maps/SideScrollerExampleMap.SideScrollerExampleMap:PersistentLevel.SideScrollerExampleMap' with GeneratedClass '/Game/SideScrollerBP/Maps/SideScrollerExampleMap.SideScrollerExampleMap_C' with ClassGeneratedBy '/Game/SideScrollerBP/Maps/SideScrollerExampleMap.SideScrollerExampleMap:PersistentLevel.SideScrollerExampleMap'
[2018.03.13-15.02.34:116][235]LogBlueprintUserMessages: Early EndPlayMap Detection: Level '/Game/SideScrollerBP/Maps/SideScrollerExampleMap.SideScrollerExampleMap:PersistentLevel' has LevelScriptBlueprint '/Game/SideScrollerBP/Maps/SideScrollerExampleMap.SideScrollerExampleMap:PersistentLevel.SideScrollerExampleMap' with GeneratedClass '/Game/SideScrollerBP/Maps/SideScrollerExampleMap.SideScrollerExampleMap_C' with ClassGeneratedBy '/Game/SideScrollerBP/Maps/SideScrollerExampleMap.SideScrollerExampleMap:PersistentLevel.SideScrollerExampleMap'
[2018.03.13-15.02.34:158][235]LogBlueprintUserMessages: Late EndPlayMap Detection: Level '/Game/SideScrollerBP/Maps/SideScrollerExampleMap.SideScrollerExampleMap:PersistentLevel' has LevelScriptBlueprint '/Game/SideScrollerBP/Maps/SideScrollerExampleMap.SideScrollerExampleMap:PersistentLevel.SideScrollerExampleMap' with GeneratedClass '/Game/SideScrollerBP/Maps/SideScrollerExampleMap.SideScrollerExampleMap_C' with ClassGeneratedBy '/Game/SideScrollerBP/Maps/SideScrollerExampleMap.SideScrollerExampleMap:PersistentLevel.SideScrollerExampleMap'
[2018.03.13-15.04.36:385][ 76]BlueprintLog: New page: Compile SideScrollerExampleMap
[2018.03.13-15.07.59:786][294]BlueprintLog: New page: Compile SideScrollerExampleMap
[2018.03.13-15.11.24:037][773]BlueprintLog: New page: Compile SideScrollerExampleMap
[2018.03.13-15.11.27:065][ 91]LogTemp: Repeating last play command: Selected Viewport
[2018.03.13-15.11.28:259][ 91]LogBlueprintUserMessages: Early PlayInEditor Detection: Level '/Game/SideScrollerBP/Maps/SideScrollerExampleMap.SideScrollerExampleMap:PersistentLevel' has LevelScriptBlueprint '/Game/SideScrollerBP/Maps/SideScrollerExampleMap.SideScrollerExampleMap:PersistentLevel.SideScrollerExampleMap' with GeneratedClass '/Game/SideScrollerBP/Maps/SideScrollerExampleMap.SideScrollerExampleMap_C' with ClassGeneratedBy '/Game/SideScrollerBP/Maps/SideScrollerExampleMap.SideScrollerExampleMap:PersistentLevel.SideScrollerExampleMap'
[2018.03.13-15.11.28:260][ 91]LogPlayLevel: PlayLevel: No blueprints needed recompiling
[2018.03.13-15.11.28:260][ 91]PIE: New page: PIE session: SideScrollerExampleMap (13 Mar 2018 15:11:28)
[2018.03.13-15.11.28:260][ 91]LogPlayLevel: Creating play world package: /Game/SideScrollerBP/Maps/UEDPIE_0_SideScrollerExampleMap
[2018.03.13-15.11.28:271][ 91]LogPlayLevel: PIE: StaticDuplicateObject took: (0.010369s)
[2018.03.13-15.11.28:272][ 91]LogAIModule: Creating AISystem for world SideScrollerExampleMap
[2018.03.13-15.11.28:272][ 91]LogPlayLevel: PIE: World Init took: (0.001551s)
[2018.03.13-15.11.28:272][ 91]LogPlayLevel: PIE: Created PIE world by copying editor world from /Game/SideScrollerBP/Maps/SideScrollerExampleMap.SideScrollerExampleMap to /Game/SideScrollerBP/Maps/UEDPIE_0_SideScrollerExampleMap.SideScrollerExampleMap (0.012399s)
[2018.03.13-15.11.28:307][ 91]LogInit: XAudio2 using 'Speakers (Conexant HD Audio)' : 2 channels at 44.1 kHz using 16 bits per sample (channel mask 0x3)
[2018.03.13-15.11.28:317][ 91]LogInit: FAudioDevice initialized.
[2018.03.13-15.11.28:351][ 91]LogLoad: Game class is 'SideScrollerGameMode_C'
[2018.03.13-15.11.28:355][ 91]LogWorld: Bringing World /Game/SideScrollerBP/Maps/UEDPIE_0_SideScrollerExampleMap.SideScrollerExampleMap up for play (max tick rate 0) at 2018.03.13-15.11.28
[2018.03.13-15.11.28:355][ 91]LogWorld: Bringing up level for play took: 0.002426
[2018.03.13-15.11.28:357][ 91]PIE: Play in editor start time for /Game/SideScrollerBP/Maps/UEDPIE_0_SideScrollerExampleMap -0.284
[2018.03.13-15.11.28:358][ 91]LogBlueprintUserMessages: Late PlayInEditor Detection: Level '/Game/SideScrollerBP/Maps/SideScrollerExampleMap.SideScrollerExampleMap:PersistentLevel' has LevelScriptBlueprint '/Game/SideScrollerBP/Maps/SideScrollerExampleMap.SideScrollerExampleMap:PersistentLevel.SideScrollerExampleMap' with GeneratedClass '/Game/SideScrollerBP/Maps/SideScrollerExampleMap.SideScrollerExampleMap_C' with ClassGeneratedBy '/Game/SideScrollerBP/Maps/SideScrollerExampleMap.SideScrollerExampleMap:PersistentLevel.SideScrollerExampleMap'
[2018.03.13-15.11.37:841][225]LogBlueprintUserMessages: Early EndPlayMap Detection: Level '/Game/SideScrollerBP/Maps/SideScrollerExampleMap.SideScrollerExampleMap:PersistentLevel' has LevelScriptBlueprint '/Game/SideScrollerBP/Maps/SideScrollerExampleMap.SideScrollerExampleMap:PersistentLevel.SideScrollerExampleMap' with GeneratedClass '/Game/SideScrollerBP/Maps/SideScrollerExampleMap.SideScrollerExampleMap_C' with ClassGeneratedBy '/Game/SideScrollerBP/Maps/SideScrollerExampleMap.SideScrollerExampleMap:PersistentLevel.SideScrollerExampleMap'
[2018.03.13-15.11.37:882][225]LogBlueprintUserMessages: Late EndPlayMap Detection: Level '/Game/SideScrollerBP/Maps/SideScrollerExampleMap.SideScrollerExampleMap:PersistentLevel' has LevelScriptBlueprint '/Game/SideScrollerBP/Maps/SideScrollerExampleMap.SideScrollerExampleMap:PersistentLevel.SideScrollerExampleMap' with GeneratedClass '/Game/SideScrollerBP/Maps/SideScrollerExampleMap.SideScrollerExampleMap_C' with ClassGeneratedBy '/Game/SideScrollerBP/Maps/SideScrollerExampleMap.SideScrollerExampleMap:PersistentLevel.SideScrollerExampleMap'
[2018.03.13-15.11.56:465][973]BlueprintLog: New page: Compile SideScrollerExampleMap
[2018.03.13-15.12.03:096][638]LogTemp: Repeating last play command: Selected Viewport
[2018.03.13-15.12.03:204][638]LogBlueprintUserMessages: Early PlayInEditor Detection: Level '/Game/SideScrollerBP/Maps/SideScrollerExampleMap.SideScrollerExampleMap:PersistentLevel' has LevelScriptBlueprint '/Game/SideScrollerBP/Maps/SideScrollerExampleMap.SideScrollerExampleMap:PersistentLevel.SideScrollerExampleMap' with GeneratedClass '/Game/SideScrollerBP/Maps/SideScrollerExampleMap.SideScrollerExampleMap_C' with ClassGeneratedBy '/Game/SideScrollerBP/Maps/SideScrollerExampleMap.SideScrollerExampleMap:PersistentLevel.SideScrollerExampleMap'
[2018.03.13-15.12.03:204][638]LogPlayLevel: PlayLevel: No blueprints needed recompiling
[2018.03.13-15.12.03:205][638]PIE: New page: PIE session: SideScrollerExampleMap (13 Mar 2018 15:12:03)
[2018.03.13-15.12.03:205][638]LogPlayLevel: Creating play world package: /Game/SideScrollerBP/Maps/UEDPIE_0_SideScrollerExampleMap
[2018.03.13-15.12.03:218][638]LogPlayLevel: PIE: StaticDuplicateObject took: (0.013204s)
[2018.03.13-15.12.03:220][638]LogAIModule: Creating AISystem for world SideScrollerExampleMap
[2018.03.13-15.12.03:220][638]LogPlayLevel: PIE: World Init took: (0.001808s)
[2018.03.13-15.12.03:220][638]LogPlayLevel: PIE: Created PIE world by copying editor world from /Game/SideScrollerBP/Maps/SideScrollerExampleMap.SideScrollerExampleMap to /Game/SideScrollerBP/Maps/UEDPIE_0_SideScrollerExampleMap.SideScrollerExampleMap (0.015605s)
[2018.03.13-15.12.03:251][638]LogInit: XAudio2 using 'Speakers (Conexant HD Audio)' : 2 channels at 44.1 kHz using 16 bits per sample (channel mask 0x3)
[2018.03.13-15.12.03:261][638]LogInit: FAudioDevice initialized.
[2018.03.13-15.12.03:291][638]LogLoad: Game class is 'SideScrollerGameMode_C'
[2018.03.13-15.12.03:293][638]LogWorld: Bringing World /Game/SideScrollerBP/Maps/UEDPIE_0_SideScrollerExampleMap.SideScrollerExampleMap up for play (max tick rate 0) at 2018.03.13-15.12.03
[2018.03.13-15.12.03:294][638]LogWorld: Bringing up level for play took: 0.002012
[2018.03.13-15.12.03:295][638]PIE: Play in editor start time for /Game/SideScrollerBP/Maps/UEDPIE_0_SideScrollerExampleMap 0.653
[2018.03.13-15.12.03:296][638]LogBlueprintUserMessages: Late PlayInEditor Detection: Level '/Game/SideScrollerBP/Maps/SideScrollerExampleMap.SideScrollerExampleMap:PersistentLevel' has LevelScriptBlueprint '/Game/SideScrollerBP/Maps/SideScrollerExampleMap.SideScrollerExampleMap:PersistentLevel.SideScrollerExampleMap' with GeneratedClass '/Game/SideScrollerBP/Maps/SideScrollerExampleMap.SideScrollerExampleMap_C' with ClassGeneratedBy '/Game/SideScrollerBP/Maps/SideScrollerExampleMap.SideScrollerExampleMap:PersistentLevel.SideScrollerExampleMap'
[2018.03.13-15.12.08:607][272]LogBlueprintUserMessages: Early EndPlayMap Detection: Level '/Game/SideScrollerBP/Maps/SideScrollerExampleMap.SideScrollerExampleMap:PersistentLevel' has LevelScriptBlueprint '/Game/SideScrollerBP/Maps/SideScrollerExampleMap.SideScrollerExampleMap:PersistentLevel.SideScrollerExampleMap' with GeneratedClass '/Game/SideScrollerBP/Maps/SideScrollerExampleMap.SideScrollerExampleMap_C' with ClassGeneratedBy '/Game/SideScrollerBP/Maps/SideScrollerExampleMap.SideScrollerExampleMap:PersistentLevel.SideScrollerExampleMap'
[2018.03.13-15.12.08:653][272]LogBlueprintUserMessages: Late EndPlayMap Detection: Level '/Game/SideScrollerBP/Maps/SideScrollerExampleMap.SideScrollerExampleMap:PersistentLevel' has LevelScriptBlueprint '/Game/SideScrollerBP/Maps/SideScrollerExampleMap.SideScrollerExampleMap:PersistentLevel.SideScrollerExampleMap' with GeneratedClass '/Game/SideScrollerBP/Maps/SideScrollerExampleMap.SideScrollerExampleMap_C' with ClassGeneratedBy '/Game/SideScrollerBP/Maps/SideScrollerExampleMap.SideScrollerExampleMap:PersistentLevel.SideScrollerExampleMap'
[2018.03.13-15.12.17:698][142]BlueprintLog: New page: Compile SideScrollerExampleMap
[2018.03.13-15.13.29:634][691]LogSlate: Took 0.000162 seconds to synchronously load lazily loaded font '../../../Engine/Content/Slate/Fonts/Roboto-Regular.ttf' (155K)
[2018.03.13-15.15.27:493][ 55]BlueprintLog: New page: Compile SideScrollerExampleMap
[2018.03.13-15.16.07:325][186]BlueprintLog: New page: Compile SideScrollerExampleMap
[2018.03.13-15.16.16:230][971]BlueprintLog: New page: Compile SideScrollerExampleMap
[2018.03.13-15.16.22:069][517]BlueprintLog: New page: Compile SideScrollerExampleMap
[2018.03.13-15.17.11:375][958]BlueprintLog: New page: Compile SideScrollerExampleMap
[2018.03.13-15.17.18:476][659]LogTemp: Repeating last play command: Selected Viewport
[2018.03.13-15.17.19:229][659]LogBlueprintUserMessages: Early PlayInEditor Detection: Level '/Game/SideScrollerBP/Maps/SideScrollerExampleMap.SideScrollerExampleMap:PersistentLevel' has LevelScriptBlueprint '/Game/SideScrollerBP/Maps/SideScrollerExampleMap.SideScrollerExampleMap:PersistentLevel.SideScrollerExampleMap' with GeneratedClass '/Game/SideScrollerBP/Maps/SideScrollerExampleMap.SideScrollerExampleMap_C' with ClassGeneratedBy '/Game/SideScrollerBP/Maps/SideScrollerExampleMap.SideScrollerExampleMap:PersistentLevel.SideScrollerExampleMap'
[2018.03.13-15.17.19:230][659]LogPlayLevel: PlayLevel: No blueprints needed recompiling
[2018.03.13-15.17.19:230][659]PIE: New page: PIE session: SideScrollerExampleMap (13 Mar 2018 15:17:19)
[2018.03.13-15.17.19:230][659]LogPlayLevel: Creating play world package: /Game/SideScrollerBP/Maps/UEDPIE_0_SideScrollerExampleMap
[2018.03.13-15.17.19:242][659]LogPlayLevel: PIE: StaticDuplicateObject took: (0.011489s)
[2018.03.13-15.17.19:243][659]LogAIModule: Creating AISystem for world SideScrollerExampleMap
[2018.03.13-15.17.19:243][659]LogPlayLevel: PIE: World Init took: (0.001162s)
[2018.03.13-15.17.19:243][659]LogPlayLevel: PIE: Created PIE world by copying editor world from /Game/SideScrollerBP/Maps/SideScrollerExampleMap.SideScrollerExampleMap to /Game/SideScrollerBP/Maps/UEDPIE_0_SideScrollerExampleMap.SideScrollerExampleMap (0.013076s)
[2018.03.13-15.17.19:271][659]LogInit: XAudio2 using 'Speakers (Conexant HD Audio)' : 2 channels at 44.1 kHz using 16 bits per sample (channel mask 0x3)
[2018.03.13-15.17.19:283][659]LogInit: FAudioDevice initialized.
[2018.03.13-15.17.19:313][659]LogLoad: Game class is 'SideScrollerGameMode_C'
[2018.03.13-15.17.19:316][659]LogWorld: Bringing World /Game/SideScrollerBP/Maps/UEDPIE_0_SideScrollerExampleMap.SideScrollerExampleMap up for play (max tick rate 0) at 2018.03.13-15.17.19
[2018.03.13-15.17.19:317][659]LogWorld: Bringing up level for play took: 0.002500
[2018.03.13-15.17.19:319][659]PIE: Play in editor start time for /Game/SideScrollerBP/Maps/UEDPIE_0_SideScrollerExampleMap 0.671
[2018.03.13-15.17.19:319][659]LogBlueprintUserMessages: Late PlayInEditor Detection: Level '/Game/SideScrollerBP/Maps/SideScrollerExampleMap.SideScrollerExampleMap:PersistentLevel' has LevelScriptBlueprint '/Game/SideScrollerBP/Maps/SideScrollerExampleMap.SideScrollerExampleMap:PersistentLevel.SideScrollerExampleMap' with GeneratedClass '/Game/SideScrollerBP/Maps/SideScrollerExampleMap.SideScrollerExampleMap_C' with ClassGeneratedBy '/Game/SideScrollerBP/Maps/SideScrollerExampleMap.SideScrollerExampleMap:PersistentLevel.SideScrollerExampleMap'
[2018.03.13-15.17.34:708][497]LogBlueprintUserMessages: [SideScrollerExampleMap_C_0] Target Missed!
[2018.03.13-15.17.40:275][165]LogBlueprintUserMessages: Early EndPlayMap Detection: Level '/Game/SideScrollerBP/Maps/SideScrollerExampleMap.SideScrollerExampleMap:PersistentLevel' has LevelScriptBlueprint '/Game/SideScrollerBP/Maps/SideScrollerExampleMap.SideScrollerExampleMap:PersistentLevel.SideScrollerExampleMap' with GeneratedClass '/Game/SideScrollerBP/Maps/SideScrollerExampleMap.SideScrollerExampleMap_C' with ClassGeneratedBy '/Game/SideScrollerBP/Maps/SideScrollerExampleMap.SideScrollerExampleMap:PersistentLevel.SideScrollerExampleMap'
[2018.03.13-15.17.40:321][165]LogBlueprintUserMessages: Late EndPlayMap Detection: Level '/Game/SideScrollerBP/Maps/SideScrollerExampleMap.SideScrollerExampleMap:PersistentLevel' has LevelScriptBlueprint '/Game/SideScrollerBP/Maps/SideScrollerExampleMap.SideScrollerExampleMap:PersistentLevel.SideScrollerExampleMap' with GeneratedClass '/Game/SideScrollerBP/Maps/SideScrollerExampleMap.SideScrollerExampleMap_C' with ClassGeneratedBy '/Game/SideScrollerBP/Maps/SideScrollerExampleMap.SideScrollerExampleMap:PersistentLevel.SideScrollerExampleMap'
[2018.03.13-15.18.19:077][838]BlueprintLog: New page: Compile SideScrollerExampleMap
[2018.03.13-15.18.37:659][483]LogEditorViewport: Clicking on Actor (LMB): StaticMeshActor (Wall3)
[2018.03.13-15.18.52:838][664]LogSavePackage: Save=11579.01ms
[2018.03.13-15.18.52:838][664]LogSavePackage: Moving 'E:/New folder/Year 3/Level 5 Scripting tasks/sem 2/Assign 2/TechDemo/Saved/SideScrollerExampleMap16DBFED0451A9985F68381BBFA38BBE4.tmp' to 'E:/New folder/Year 3/Level 5 Scripting tasks/sem 2/Assign 2/TechDemo/Content/SideScrollerBP/Maps/SideScrollerExampleMap.umap'
[2018.03.13-15.18.52:954][664]LogSavePackage: Display: Finished SavePackage E:/New folder/Year 3/Level 5 Scripting tasks/sem 2/Assign 2/TechDemo/Content/SideScrollerBP/Maps/SideScrollerExampleMap.umap
[2018.03.13-15.18.53:193][664]LogFileHelpers: Saving map 'SideScrollerExampleMap' took 12.719
[2018.03.13-15.52.15:069][276]LogTemp: Repeating last play command: Selected Viewport
[2018.03.13-15.52.15:665][276]LogBlueprintUserMessages: Early PlayInEditor Detection: Level '/Game/SideScrollerBP/Maps/SideScrollerExampleMap.SideScrollerExampleMap:PersistentLevel' has LevelScriptBlueprint '/Game/SideScrollerBP/Maps/SideScrollerExampleMap.SideScrollerExampleMap:PersistentLevel.SideScrollerExampleMap' with GeneratedClass '/Game/SideScrollerBP/Maps/SideScrollerExampleMap.SideScrollerExampleMap_C' with ClassGeneratedBy '/Game/SideScrollerBP/Maps/SideScrollerExampleMap.SideScrollerExampleMap:PersistentLevel.SideScrollerExampleMap'
[2018.03.13-15.52.15:665][276]LogPlayLevel: PlayLevel: No blueprints needed recompiling
[2018.03.13-15.52.15:665][276]PIE: New page: PIE session: SideScrollerExampleMap (13 Mar 2018 15:52:15)
[2018.03.13-15.52.15:665][276]LogPlayLevel: Creating play world package: /Game/SideScrollerBP/Maps/UEDPIE_0_SideScrollerExampleMap
[2018.03.13-15.52.15:674][276]LogPlayLevel: PIE: StaticDuplicateObject took: (0.008108s)
[2018.03.13-15.52.15:674][276]LogAIModule: Creating AISystem for world SideScrollerExampleMap
[2018.03.13-15.52.15:675][276]LogPlayLevel: PIE: World Init took: (0.001009s)
[2018.03.13-15.52.15:675][276]LogPlayLevel: PIE: Created PIE world by copying editor world from /Game/SideScrollerBP/Maps/SideScrollerExampleMap.SideScrollerExampleMap to /Game/SideScrollerBP/Maps/UEDPIE_0_SideScrollerExampleMap.SideScrollerExampleMap (0.009512s)
[2018.03.13-15.52.15:704][276]LogInit: XAudio2 using 'Speakers (Conexant HD Audio)' : 2 channels at 44.1 kHz using 16 bits per sample (channel mask 0x3)
[2018.03.13-15.52.15:715][276]LogInit: FAudioDevice initialized.
[2018.03.13-15.52.15:744][276]LogLoad: Game class is 'SideScrollerGameMode_C'
[2018.03.13-15.52.15:747][276]LogWorld: Bringing World /Game/SideScrollerBP/Maps/UEDPIE_0_SideScrollerExampleMap.SideScrollerExampleMap up for play (max tick rate 0) at 2018.03.13-15.52.15
[2018.03.13-15.52.15:747][276]LogWorld: Bringing up level for play took: 0.002375
[2018.03.13-15.52.15:749][276]PIE: Play in editor start time for /Game/SideScrollerBP/Maps/UEDPIE_0_SideScrollerExampleMap 1.062
[2018.03.13-15.52.15:749][276]LogBlueprintUserMessages: Late PlayInEditor Detection: Level '/Game/SideScrollerBP/Maps/SideScrollerExampleMap.SideScrollerExampleMap:PersistentLevel' has LevelScriptBlueprint '/Game/SideScrollerBP/Maps/SideScrollerExampleMap.SideScrollerExampleMap:PersistentLevel.SideScrollerExampleMap' with GeneratedClass '/Game/SideScrollerBP/Maps/SideScrollerExampleMap.SideScrollerExampleMap_C' with ClassGeneratedBy '/Game/SideScrollerBP/Maps/SideScrollerExampleMap.SideScrollerExampleMap:PersistentLevel.SideScrollerExampleMap'
[2018.03.13-15.52.26:127][518]LogBlueprintUserMessages: [SideScrollerExampleMap_C_0] Target Missed!
[2018.03.13-15.52.26:629][578]LogBlueprintUserMessages: Early EndPlayMap Detection: Level '/Game/SideScrollerBP/Maps/SideScrollerExampleMap.SideScrollerExampleMap:PersistentLevel' has LevelScriptBlueprint '/Game/SideScrollerBP/Maps/SideScrollerExampleMap.SideScrollerExampleMap:PersistentLevel.SideScrollerExampleMap' with GeneratedClass '/Game/SideScrollerBP/Maps/SideScrollerExampleMap.SideScrollerExampleMap_C' with ClassGeneratedBy '/Game/SideScrollerBP/Maps/SideScrollerExampleMap.SideScrollerExampleMap:PersistentLevel.SideScrollerExampleMap'
[2018.03.13-15.52.26:693][578]LogBlueprintUserMessages: Late EndPlayMap Detection: Level '/Game/SideScrollerBP/Maps/SideScrollerExampleMap.SideScrollerExampleMap:PersistentLevel' has LevelScriptBlueprint '/Game/SideScrollerBP/Maps/SideScrollerExampleMap.SideScrollerExampleMap:PersistentLevel.SideScrollerExampleMap' with GeneratedClass '/Game/SideScrollerBP/Maps/SideScrollerExampleMap.SideScrollerExampleMap_C' with ClassGeneratedBy '/Game/SideScrollerBP/Maps/SideScrollerExampleMap.SideScrollerExampleMap:PersistentLevel.SideScrollerExampleMap'
[2018.03.13-15.52.28:701][809]LogTemp: Repeating last play command: Selected Viewport
[2018.03.13-15.52.28:803][809]LogBlueprintUserMessages: Early PlayInEditor Detection: Level '/Game/SideScrollerBP/Maps/SideScrollerExampleMap.SideScrollerExampleMap:PersistentLevel' has LevelScriptBlueprint '/Game/SideScrollerBP/Maps/SideScrollerExampleMap.SideScrollerExampleMap:PersistentLevel.SideScrollerExampleMap' with GeneratedClass '/Game/SideScrollerBP/Maps/SideScrollerExampleMap.SideScrollerExampleMap_C' with ClassGeneratedBy '/Game/SideScrollerBP/Maps/SideScrollerExampleMap.SideScrollerExampleMap:PersistentLevel.SideScrollerExampleMap'
[2018.03.13-15.52.28:803][809]LogPlayLevel: PlayLevel: No blueprints needed recompiling
[2018.03.13-15.52.28:804][809]PIE: New page: PIE session: SideScrollerExampleMap (13 Mar 2018 15:52:28)
[2018.03.13-15.52.28:804][809]LogPlayLevel: Creating play world package: /Game/SideScrollerBP/Maps/UEDPIE_0_SideScrollerExampleMap
[2018.03.13-15.52.28:814][809]LogPlayLevel: PIE: StaticDuplicateObject took: (0.009627s)
[2018.03.13-15.52.28:815][809]LogAIModule: Creating AISystem for world SideScrollerExampleMap
[2018.03.13-15.52.28:815][809]LogPlayLevel: PIE: World Init took: (0.001375s)
[2018.03.13-15.52.28:815][809]LogPlayLevel: PIE: Created PIE world by copying editor world from /Game/SideScrollerBP/Maps/SideScrollerExampleMap.SideScrollerExampleMap to /Game/SideScrollerBP/Maps/UEDPIE_0_SideScrollerExampleMap.SideScrollerExampleMap (0.011417s)
[2018.03.13-15.52.28:844][809]LogInit: XAudio2 using 'Speakers (Conexant HD Audio)' : 2 channels at 44.1 kHz using 16 bits per sample (channel mask 0x3)
[2018.03.13-15.52.28:854][809]LogInit: FAudioDevice initialized.
[2018.03.13-15.52.28:884][809]LogLoad: Game class is 'SideScrollerGameMode_C'
[2018.03.13-15.52.28:887][809]LogWorld: Bringing World /Game/SideScrollerBP/Maps/UEDPIE_0_SideScrollerExampleMap.SideScrollerExampleMap up for play (max tick rate 0) at 2018.03.13-15.52.28
[2018.03.13-15.52.28:887][809]LogWorld: Bringing up level for play took: 0.002190
[2018.03.13-15.52.28:889][809]PIE: Play in editor start time for /Game/SideScrollerBP/Maps/UEDPIE_0_SideScrollerExampleMap 0.201
[2018.03.13-15.52.28:889][809]LogBlueprintUserMessages: Late PlayInEditor Detection: Level '/Game/SideScrollerBP/Maps/SideScrollerExampleMap.SideScrollerExampleMap:PersistentLevel' has LevelScriptBlueprint '/Game/SideScrollerBP/Maps/SideScrollerExampleMap.SideScrollerExampleMap:PersistentLevel.SideScrollerExampleMap' with GeneratedClass '/Game/SideScrollerBP/Maps/SideScrollerExampleMap.SideScrollerExampleMap_C' with ClassGeneratedBy '/Game/SideScrollerBP/Maps/SideScrollerExampleMap.SideScrollerExampleMap:PersistentLevel.SideScrollerExampleMap'
[2018.03.13-15.52.35:476][595]LogBlueprintUserMessages: [NegativeArrow_C_0] GAME OVER
[2018.03.13-15.52.35:477][595]LogBlueprintUserMessages: Early EndPlayMap Detection: Level '/Game/SideScrollerBP/Maps/SideScrollerExampleMap.SideScrollerExampleMap:PersistentLevel' has LevelScriptBlueprint '/Game/SideScrollerBP/Maps/SideScrollerExampleMap.SideScrollerExampleMap:PersistentLevel.SideScrollerExampleMap' with GeneratedClass '/Game/SideScrollerBP/Maps/SideScrollerExampleMap.SideScrollerExampleMap_C' with ClassGeneratedBy '/Game/SideScrollerBP/Maps/SideScrollerExampleMap.SideScrollerExampleMap:PersistentLevel.SideScrollerExampleMap'
[2018.03.13-15.52.35:539][595]LogBlueprintUserMessages: Late EndPlayMap Detection: Level '/Game/SideScrollerBP/Maps/SideScrollerExampleMap.SideScrollerExampleMap:PersistentLevel' has LevelScriptBlueprint '/Game/SideScrollerBP/Maps/SideScrollerExampleMap.SideScrollerExampleMap:PersistentLevel.SideScrollerExampleMap' with GeneratedClass '/Game/SideScrollerBP/Maps/SideScrollerExampleMap.SideScrollerExampleMap_C' with ClassGeneratedBy '/Game/SideScrollerBP/Maps/SideScrollerExampleMap.SideScrollerExampleMap:PersistentLevel.SideScrollerExampleMap'
[2018.03.13-15.52.53:546][707]LogTemp: Repeating last play command: Selected Viewport
[2018.03.13-15.52.54:657][707]LogBlueprintUserMessages: Early PlayInEditor Detection: Level '/Game/SideScrollerBP/Maps/SideScrollerExampleMap.SideScrollerExampleMap:PersistentLevel' has LevelScriptBlueprint '/Game/SideScrollerBP/Maps/SideScrollerExampleMap.SideScrollerExampleMap:PersistentLevel.SideScrollerExampleMap' with GeneratedClass '/Game/SideScrollerBP/Maps/SideScrollerExampleMap.SideScrollerExampleMap_C' with ClassGeneratedBy '/Game/SideScrollerBP/Maps/SideScrollerExampleMap.SideScrollerExampleMap:PersistentLevel.SideScrollerExampleMap'
[2018.03.13-15.52.54:658][707]LogPlayLevel: PlayLevel: No blueprints needed recompiling
[2018.03.13-15.52.54:658][707]PIE: New page: PIE session: SideScrollerExampleMap (13 Mar 2018 15:52:54)
[2018.03.13-15.52.54:658][707]LogPlayLevel: Creating play world package: /Game/SideScrollerBP/Maps/UEDPIE_0_SideScrollerExampleMap
[2018.03.13-15.52.54:669][707]LogPlayLevel: PIE: StaticDuplicateObject took: (0.011003s)
[2018.03.13-15.52.54:671][707]LogAIModule: Creating AISystem for world SideScrollerExampleMap
[2018.03.13-15.52.54:671][707]LogPlayLevel: PIE: World Init took: (0.001455s)
[2018.03.13-15.52.54:671][707]LogPlayLevel: PIE: Created PIE world by copying editor world from /Game/SideScrollerBP/Maps/SideScrollerExampleMap.SideScrollerExampleMap to /Game/SideScrollerBP/Maps/UEDPIE_0_SideScrollerExampleMap.SideScrollerExampleMap (0.012854s)
[2018.03.13-15.52.54:700][707]LogInit: XAudio2 using 'Speakers (Conexant HD Audio)' : 2 channels at 44.1 kHz using 16 bits per sample (channel mask 0x3)
[2018.03.13-15.52.54:712][707]LogInit: FAudioDevice initialized.
[2018.03.13-15.52.54:746][707]LogLoad: Game class is 'SideScrollerGameMode_C'
[2018.03.13-15.52.54:750][707]LogWorld: Bringing World /Game/SideScrollerBP/Maps/UEDPIE_0_SideScrollerExampleMap.SideScrollerExampleMap up for play (max tick rate 0) at 2018.03.13-15.52.54
[2018.03.13-15.52.54:750][707]LogWorld: Bringing up level for play took: 0.002592
[2018.03.13-15.52.54:752][707]PIE: Play in editor start time for /Game/SideScrollerBP/Maps/UEDPIE_0_SideScrollerExampleMap 0.064
[2018.03.13-15.52.54:752][707]LogBlueprintUserMessages: Late PlayInEditor Detection: Level '/Game/SideScrollerBP/Maps/SideScrollerExampleMap.SideScrollerExampleMap:PersistentLevel' has LevelScriptBlueprint '/Game/SideScrollerBP/Maps/SideScrollerExampleMap.SideScrollerExampleMap:PersistentLevel.SideScrollerExampleMap' with GeneratedClass '/Game/SideScrollerBP/Maps/SideScrollerExampleMap.SideScrollerExampleMap_C' with ClassGeneratedBy '/Game/SideScrollerBP/Maps/SideScrollerExampleMap.SideScrollerExampleMap:PersistentLevel.SideScrollerExampleMap'
[2018.03.13-15.53.06:168][ 73]LogBlueprintUserMessages: Early EndPlayMap Detection: Level '/Game/SideScrollerBP/Maps/SideScrollerExampleMap.SideScrollerExampleMap:PersistentLevel' has LevelScriptBlueprint '/Game/SideScrollerBP/Maps/SideScrollerExampleMap.SideScrollerExampleMap:PersistentLevel.SideScrollerExampleMap' with GeneratedClass '/Game/SideScrollerBP/Maps/SideScrollerExampleMap.SideScrollerExampleMap_C' with ClassGeneratedBy '/Game/SideScrollerBP/Maps/SideScrollerExampleMap.SideScrollerExampleMap:PersistentLevel.SideScrollerExampleMap'
[2018.03.13-15.53.06:223][ 73]LogBlueprintUserMessages: Late EndPlayMap Detection: Level '/Game/SideScrollerBP/Maps/SideScrollerExampleMap.SideScrollerExampleMap:PersistentLevel' has LevelScriptBlueprint '/Game/SideScrollerBP/Maps/SideScrollerExampleMap.SideScrollerExampleMap:PersistentLevel.SideScrollerExampleMap' with GeneratedClass '/Game/SideScrollerBP/Maps/SideScrollerExampleMap.SideScrollerExampleMap_C' with ClassGeneratedBy '/Game/SideScrollerBP/Maps/SideScrollerExampleMap.SideScrollerExampleMap:PersistentLevel.SideScrollerExampleMap'
[2018.03.13-15.59.09:606][723]LogSavePackage: Save=11707.66ms
[2018.03.13-15.59.09:606][723]LogSavePackage: Moving 'E:/New folder/Year 3/Level 5 Scripting tasks/sem 2/Assign 2/TechDemo/Saved/SideScrollerExampleMap_Auto160CDB7AE49FEDF532726929AEC0925C7.tmp' to 'E:/New folder/Year 3/Level 5 Scripting tasks/sem 2/Assign 2/TechDemo/Saved/Autosaves/Game/SideScrollerBP/Maps/SideScrollerExampleMap_Auto1.umap'
[2018.03.13-15.59.09:653][723]LogSavePackage: Display: Finished SavePackage E:/New folder/Year 3/Level 5 Scripting tasks/sem 2/Assign 2/TechDemo/Saved/Autosaves/Game/SideScrollerBP/Maps/SideScrollerExampleMap_Auto1.umap
[2018.03.13-15.59.09:703][723]LogFileHelpers: Editor autosave (incl. sublevels) for '/Game/SideScrollerBP/Maps/SideScrollerExampleMap' took 12.466
[2018.03.13-15.59.09:703][723]LogFileHelpers: Editor autosave (incl. sublevels) for all levels took 12.466
[2018.03.13-16.04.59:188][816]BlueprintLog: New page: Compile SideScrollerExampleMap
[2018.03.13-16.05.12:181][919]LogSavePackage: Save=11140.32ms
[2018.03.13-16.05.12:182][919]LogSavePackage: Moving 'E:/New folder/Year 3/Level 5 Scripting tasks/sem 2/Assign 2/TechDemo/Saved/SideScrollerExampleMap730D7234430B0C4C5701629171BC66C5.tmp' to 'E:/New folder/Year 3/Level 5 Scripting tasks/sem 2/Assign 2/TechDemo/Content/SideScrollerBP/Maps/SideScrollerExampleMap.umap'
[2018.03.13-16.05.12:299][919]LogSavePackage: Display: Finished SavePackage E:/New folder/Year 3/Level 5 Scripting tasks/sem 2/Assign 2/TechDemo/Content/SideScrollerBP/Maps/SideScrollerExampleMap.umap
[2018.03.13-16.05.12:568][919]LogFileHelpers: Saving map 'SideScrollerExampleMap' took 12.256
[2018.03.13-16.05.21:097][449]LogSavePackage: Save=1395.25ms
[2018.03.13-16.05.21:097][449]LogSavePackage: Moving 'E:/New folder/Year 3/Level 5 Scripting tasks/sem 2/Assign 2/TechDemo/Saved/Bomb_Arrow3CD40FFC4DF17E189378D89AA9EB4463.tmp' to 'E:/New folder/Year 3/Level 5 Scripting tasks/sem 2/Assign 2/TechDemo/Content/SideScrollerBP/Blueprints/Bomb_Arrow.uasset'
[2018.03.13-16.05.21:157][449]LogSavePackage: Display: Finished SavePackage E:/New folder/Year 3/Level 5 Scripting tasks/sem 2/Assign 2/TechDemo/Content/SideScrollerBP/Blueprints/Bomb_Arrow.uasset
[2018.03.13-16.05.25:090][640]Cmd: OBJ SAVEPACKAGE PACKAGE="/Game/SideScrollerBP/Blueprints/Arrow" FILE="E:/New folder/Year 3/Level 5 Scripting tasks/sem 2/Assign 2/TechDemo/Content/SideScrollerBP/Blueprints/Arrow.uasset" SILENT=true
[2018.03.13-16.05.29:377][640]LogSavePackage: Save=3592.07ms
[2018.03.13-16.05.29:377][640]LogSavePackage: Moving 'E:/New folder/Year 3/Level 5 Scripting tasks/sem 2/Assign 2/TechDemo/Saved/Arrow7BB5F65F4BAAEE0EE4D056B948B0C389.tmp' to 'E:/New folder/Year 3/Level 5 Scripting tasks/sem 2/Assign 2/TechDemo/Content/SideScrollerBP/Blueprints/Arrow.uasset'
[2018.03.13-16.05.29:425][640]LogSavePackage: Display: Finished SavePackage E:/New folder/Year 3/Level 5 Scripting tasks/sem 2/Assign 2/TechDemo/Content/SideScrollerBP/Blueprints/Arrow.uasset
[2018.03.13-16.05.30:487][700]LogActorComponent: UnregisterComponent: (/Engine/Transient.EditorFloorComp) Not registered. Aborting.
[2018.03.13-16.05.39:299][266]Cmd: QUIT_EDITOR
[2018.03.13-16.05.39:445][266]LogExit: Preparing to exit.
[2018.03.13-16.05.41:178][266]LogExit: Editor shut down
[2018.03.13-16.05.41:187][266]LogExit: Transaction tracking system shut down
[2018.03.13-16.05.41:912][266]LogDirectoryWatcher: A directory notification for '../../../Engine/Content/' was aborted.
[2018.03.13-16.05.41:912][266]LogDirectoryWatcher: A directory notification for 'E:/New folder/Year 3/Level 5 Scripting tasks/sem 2/Assign 2/TechDemo/Content/' was aborted.
[2018.03.13-16.05.41:913][266]LogDirectoryWatcher: A directory notification for '../../../Engine/Plugins/2D/Paper2D/Content/' was aborted.
[2018.03.13-16.05.41:913][266]LogDirectoryWatcher: A directory notification for '../../../Engine/Plugins/Runtime/Oculus/OculusVR/Content/' was aborted.
[2018.03.13-16.05.41:913][266]LogDirectoryWatcher: A directory notification for '../../../Engine/Plugins/Runtime/Steam/SteamVR/Content/' was aborted.
[2018.03.13-16.05.42:032][266]LogExit: Object subsystem successfully closed.
[2018.03.13-16.05.42:058][266]LogD3D11RHI: Shutdown
[2018.03.13-16.05.42:058][266]LogD3D11RHI: CleanupD3DDevice
[2018.03.13-16.05.42:107][266]LogD3D11RHI: ~FD3D11DynamicRHI
[2018.03.13-16.05.42:121][266]LogModuleManager: Shutting down and abandoning module MovieSceneCapture (538)
[2018.03.13-16.05.42:121][266]LogModuleManager: Shutting down and abandoning module BlueprintGraph (536)
[2018.03.13-16.05.42:121][266]LogModuleManager: Shutting down and abandoning module BlueprintProfiler (534)
[2018.03.13-16.05.42:121][266]LogModuleManager: Shutting down and abandoning module HierarchicalLODOutliner (532)
[2018.03.13-16.05.42:121][266]LogModuleManager: Shutting down and abandoning module ExternalImagePicker (530)
[2018.03.13-16.05.42:121][266]LogModuleManager: Shutting down and abandoning module SceneOutliner (528)
[2018.03.13-16.05.42:121][266]LogModuleManager: Shutting down and abandoning module AddContentDialog (526)
[2018.03.13-16.05.42:121][266]LogDirectoryWatcher: A directory notification for 'C:/Program Files/Epic Games/UE_4.17/FeaturePacks/' was aborted.
[2018.03.13-16.05.42:123][266]LogModuleManager: Shutting down and abandoning module WidgetCarousel (525)
[2018.03.13-16.05.42:123][266]LogModuleManager: Shutting down and abandoning module EditorWidgets (522)
[2018.03.13-16.05.42:123][266]LogModuleManager: Shutting down and abandoning module CollectionManager (520)
[2018.03.13-16.05.42:123][266]LogDirectoryWatcher: A directory notification for 'E:/New folder/Year 3/Level 5 Scripting tasks/sem 2/Assign 2/TechDemo/Content/Collections/' was aborted.
[2018.03.13-16.05.42:123][266]LogDirectoryWatcher: A directory notification for 'E:/New folder/Year 3/Level 5 Scripting tasks/sem 2/Assign 2/TechDemo/Content/Developers/Games/Collections/' was aborted.
[2018.03.13-16.05.42:123][266]LogDirectoryWatcher: A directory notification for 'E:/New folder/Year 3/Level 5 Scripting tasks/sem 2/Assign 2/TechDemo/Saved/Collections/' was aborted.
[2018.03.13-16.05.42:123][266]LogModuleManager: Shutting down and abandoning module StatsViewer (518)
[2018.03.13-16.05.42:124][266]LogModuleManager: Shutting down and abandoning module FoliageEdit (516)
[2018.03.13-16.05.42:124][266]LogModuleManager: Shutting down and abandoning module LandscapeEditor (514)
[2018.03.13-16.05.42:124][266]LogModuleManager: Shutting down and abandoning module MeshPaintMode (512)
[2018.03.13-16.05.42:124][266]LogModuleManager: Shutting down and abandoning module SceneDepthPickerMode (510)
[2018.03.13-16.05.42:124][266]LogModuleManager: Shutting down and abandoning module ActorPickerMode (508)
[2018.03.13-16.05.42:124][266]LogModuleManager: Shutting down and abandoning module GeometryMode (506)
[2018.03.13-16.05.42:124][266]LogModuleManager: Shutting down and abandoning module TextureAlignMode (504)
[2018.03.13-16.05.42:124][266]LogModuleManager: Shutting down and abandoning module BspMode (502)
[2018.03.13-16.05.42:124][266]LogModuleManager: Shutting down and abandoning module PIEPreviewDeviceProfileSelector (500)
[2018.03.13-16.05.42:124][266]LogModuleManager: Shutting down and abandoning module HardwareSurvey (498)
[2018.03.13-16.05.42:124][266]LogModuleManager: Shutting down and abandoning module SequenceRecorderSections (496)
[2018.03.13-16.05.42:124][266]LogModuleManager: Shutting down and abandoning module AutomationWorker (494)
[2018.03.13-16.05.42:124][266]LogModuleManager: Shutting down and abandoning module MatineeToLevelSequence (492)
[2018.03.13-16.05.42:124][266]LogModuleManager: Shutting down and abandoning module LevelSequenceEditor (490)
[2018.03.13-16.05.42:124][266]LogModuleManager: Shutting down and abandoning module PlacementMode (489)
[2018.03.13-16.05.42:124][266]LogModuleManager: Shutting down and abandoning module WmfMediaFactory (486)
[2018.03.13-16.05.42:124][266]LogModuleManager: Shutting down and abandoning module WmfMediaEditor (484)
[2018.03.13-16.05.42:124][266]LogModuleManager: Shutting down and abandoning module AvfMediaFactory (482)
[2018.03.13-16.05.42:124][266]LogModuleManager: Shutting down and abandoning module AvfMediaEditor (480)
[2018.03.13-16.05.42:124][266]LogModuleManager: Shutting down and abandoning module AndroidMediaFactory (478)
[2018.03.13-16.05.42:124][266]LogModuleManager: Shutting down and abandoning module Media (477)
[2018.03.13-16.05.42:124][266]LogModuleManager: Shutting down and abandoning module AndroidMediaEditor (474)
[2018.03.13-16.05.42:124][266]LogModuleManager: Shutting down and abandoning module CharacterAI (472)
[2018.03.13-16.05.42:124][266]LogModuleManager: Shutting down and abandoning module AudioCapture (470)
[2018.03.13-16.05.42:124][266]LogModuleManager: Shutting down and abandoning module SequenceRecorder (469)
[2018.03.13-16.05.42:124][266]LogModuleManager: Shutting down and abandoning module SmartSnapping (466)
[2018.03.13-16.05.42:124][266]LogModuleManager: Shutting down and abandoning module SessionServices (464)
[2018.03.13-16.05.42:124][266]LogModuleManager: Shutting down and abandoning module ViewportSnapping (462)
[2018.03.13-16.05.42:124][266]LogModuleManager: Shutting down and abandoning module ViewportInteraction (460)
[2018.03.13-16.05.42:124][266]LogModuleManager: Shutting down and abandoning module ClothPainter (458)
[2018.03.13-16.05.42:124][266]LogModuleManager: Shutting down and abandoning module LogVisualizer (456)
[2018.03.13-16.05.42:124][266]LogModuleManager: Shutting down and abandoning module IntroTutorials (454)
[2018.03.13-16.05.42:124][266]LogModuleManager: Shutting down and abandoning module GameProjectGeneration (453)
[2018.03.13-16.05.42:125][266]LogModuleManager: Shutting down and abandoning module IOSPlatformEditor (450)
[2018.03.13-16.05.42:125][266]LogModuleManager: Shutting down and abandoning module HTML5PlatformEditor (448)
[2018.03.13-16.05.42:125][266]LogModuleManager: Shutting down and abandoning module AndroidPlatformEditor (446)
[2018.03.13-16.05.42:125][266]LogModuleManager: Shutting down and abandoning module AndroidDeviceDetection (445)
[2018.03.13-16.05.42:346][266]LogModuleManager: Shutting down and abandoning module WindowsPlatformEditor (442)
[2018.03.13-16.05.42:346][266]LogModuleManager: Shutting down and abandoning module IOSRuntimeSettings (440)
[2018.03.13-16.05.42:346][266]LogModuleManager: Shutting down and abandoning module AndroidRuntimeSettings (438)
[2018.03.13-16.05.42:346][266]LogModuleManager: Shutting down and abandoning module InputBindingEditor (436)
[2018.03.13-16.05.42:346][266]LogModuleManager: Shutting down and abandoning module MergeActors (434)
[2018.03.13-16.05.42:346][266]LogModuleManager: Shutting down and abandoning module SizeMap (432)
[2018.03.13-16.05.42:346][266]LogModuleManager: Shutting down and abandoning module TreeMap (430)
[2018.03.13-16.05.42:346][266]LogModuleManager: Shutting down and abandoning module ReferenceViewer (428)
[2018.03.13-16.05.42:346][266]LogModuleManager: Shutting down and abandoning module LocalizationDashboard (426)
[2018.03.13-16.05.42:346][266]LogModuleManager: Shutting down and abandoning module LocalizationService (425)
[2018.03.13-16.05.42:346][266]LogModuleManager: Shutting down and abandoning module HardwareTargeting (422)
[2018.03.13-16.05.42:346][266]LogModuleManager: Shutting down and abandoning module DeviceProfileEditor (420)
[2018.03.13-16.05.42:347][266]LogModuleManager: Shutting down and abandoning module UndoHistory (418)
[2018.03.13-16.05.42:347][266]LogModuleManager: Shutting down and abandoning module XmlParser (416)
[2018.03.13-16.05.42:347][266]LogModuleManager: Shutting down and abandoning module Blutility (414)
[2018.03.13-16.05.42:347][266]LogModuleManager: Shutting down and abandoning module ProjectSettingsViewer (412)
[2018.03.13-16.05.42:347][266]LogModuleManager: Shutting down and abandoning module ProjectTargetPlatformEditor (411)
[2018.03.13-16.05.42:347][266]LogModuleManager: Shutting down and abandoning module EditorSettingsViewer (408)
[2018.03.13-16.05.42:347][266]LogModuleManager: Shutting down and abandoning module SettingsEditor (406)
[2018.03.13-16.05.42:347][266]LogModuleManager: Shutting down and abandoning module ProjectLauncher (404)
[2018.03.13-16.05.42:347][266]LogModuleManager: Shutting down and abandoning module SessionFrontend (402)
[2018.03.13-16.05.42:347][266]LogModuleManager: Shutting down and abandoning module ProfilerClient (400)
[2018.03.13-16.05.42:348][266]LogModuleManager: Shutting down and abandoning module DeviceManager (398)
[2018.03.13-16.05.42:348][266]LogModuleManager: Shutting down and abandoning module TargetDeviceServices (397)
[2018.03.13-16.05.42:398][266]LogModuleManager: Shutting down and abandoning module AutomationController (394)
[2018.03.13-16.05.42:398][266]LogModuleManager: Shutting down and abandoning module AutomationWindow (392)
[2018.03.13-16.05.42:398][266]LogModuleManager: Shutting down and abandoning module Layers (390)
[2018.03.13-16.05.42:398][266]LogModuleManager: Shutting down and abandoning module ComponentVisualizers (388)
[2018.03.13-16.05.42:398][266]LogModuleManager: Shutting down and abandoning module DetailCustomizations (386)
[2018.03.13-16.05.42:398][266]LogModuleManager: Shutting down and abandoning module PackagesDialog (384)
[2018.03.13-16.05.42:399][266]LogModuleManager: Shutting down and abandoning module Persona (382)
[2018.03.13-16.05.42:399][266]LogModuleManager: Shutting down and abandoning module AdvancedPreviewScene (381)
[2018.03.13-16.05.42:399][266]LogModuleManager: Shutting down and abandoning module AnimGraph (379)
[2018.03.13-16.05.42:399][266]LogModuleManager: Shutting down and abandoning module Kismet (376)
[2018.03.13-16.05.42:416][266]LogModuleManager: Shutting down and abandoning module ClassViewer (374)
[2018.03.13-16.05.42:416][266]LogModuleManager: Shutting down and abandoning module Toolbox (372)
[2018.03.13-16.05.42:416][266]LogModuleManager: Shutting down and abandoning module ModuleUI (370)
[2018.03.13-16.05.42:416][266]LogModuleManager: Shutting down and abandoning module MovieSceneTools (368)
[2018.03.13-16.05.42:416][266]LogModuleManager: Shutting down and abandoning module OutputLog (366)
[2018.03.13-16.05.42:416][266]LogModuleManager: Shutting down and abandoning module GammaUI (364)
[2018.03.13-16.05.42:416][266]LogModuleManager: Shutting down and abandoning module Documentation (362)
[2018.03.13-16.05.42:416][266]LogModuleManager: Shutting down and abandoning module MovieSceneTracks (360)
[2018.03.13-16.05.42:416][266]LogModuleManager: Shutting down and abandoning module MovieScene (358)
[2018.03.13-16.05.42:416][266]LogModuleManager: Shutting down and abandoning module Niagara (356)
[2018.03.13-16.05.42:416][266]LogModuleManager: Shutting down and abandoning module NiagaraEditor (355)
[2018.03.13-16.05.42:417][266]LogModuleManager: Shutting down and abandoning module StreamingPauseRendering (352)
[2018.03.13-16.05.42:417][266]LogModuleManager: Shutting down and abandoning module LauncherPlatform (350)
[2018.03.13-16.05.42:417][266]LogModuleManager: Shutting down and abandoning module AnalyticsET (348)
[2018.03.13-16.05.42:417][266]LogModuleManager: Shutting down and abandoning module PortalServices (346)
[2018.03.13-16.05.42:417][266]LogModuleManager: Shutting down and abandoning module PortalRpc (344)
[2018.03.13-16.05.42:417][266]LogModuleManager: Shutting down and abandoning module MessagingRpc (342)
[2018.03.13-16.05.42:417][266]LogModuleManager: Shutting down and abandoning module AIModule (340)
[2018.03.13-16.05.42:417][266]LogModuleManager: Shutting down and abandoning module GameplayDebugger (339)
[2018.03.13-16.05.42:417][266]LogModuleManager: Shutting down and abandoning module AITestSuite (337)
[2018.03.13-16.05.42:417][266]LogModuleManager: Shutting down and abandoning module ProfilerService (334)
[2018.03.13-16.05.42:525][266]LogModuleManager: Shutting down and abandoning module TaskGraph (332)
[2018.03.13-16.05.42:525][266]LogModuleManager: Shutting down and abandoning module SteamVRController (330)
[2018.03.13-16.05.42:525][266]LogModuleManager: Shutting down and abandoning module ProceduralMeshComponentEditor (328)
[2018.03.13-16.05.42:525][266]LogModuleManager: Shutting down and abandoning module ProceduralMeshComponent (326)
[2018.03.13-16.05.42:525][266]LogModuleManager: Shutting down and abandoning module OculusInput (324)
[2018.03.13-16.05.42:525][266]LogModuleManager: Shutting down and abandoning module MobilePatchingUtils (322)
[2018.03.13-16.05.42:525][266]LogModuleManager: Shutting down and abandoning module CustomMeshComponent (320)
[2018.03.13-16.05.42:525][266]LogModuleManager: Shutting down and abandoning module CableComponent (318)
[2018.03.13-16.05.42:525][266]LogModuleManager: Shutting down and abandoning module ArchVisCharacter (316)
[2018.03.13-16.05.42:525][266]LogModuleManager: Shutting down and abandoning module AndroidPermission (314)
[2018.03.13-16.05.42:526][266]LogModuleManager: Shutting down and abandoning module MediaPlayerEditor (310)
[2018.03.13-16.05.42:526][266]LogModuleManager: Shutting down and abandoning module HTML5Networking (308)
[2018.03.13-16.05.42:526][266]LogModuleManager: Shutting down and abandoning module AlembicImporter (306)
[2018.03.13-16.05.42:526][266]LogModuleManager: Shutting down and abandoning module AlembicLibrary (305)
[2018.03.13-16.05.42:526][266]LogModuleManager: Shutting down and abandoning module GeometryCache (304)
[2018.03.13-16.05.42:526][266]LogModuleManager: Shutting down and abandoning module GeometryCacheEd (303)
[2018.03.13-16.05.42:526][266]LogModuleManager: Shutting down and abandoning module SpeedTreeImporter (298)
[2018.03.13-16.05.42:526][266]LogModuleManager: Shutting down and abandoning module PluginBrowser (296)
[2018.03.13-16.05.42:526][266]LogModuleManager: Shutting down and abandoning module MobileLauncherProfileWizard (294)
[2018.03.13-16.05.42:526][266]LogModuleManager: Shutting down and abandoning module VisualStudioSourceCodeAccess (292)
[2018.03.13-16.05.42:526][266]LogModuleManager: Shutting down and abandoning module DesktopPlatform (291)
[2018.03.13-16.05.42:527][266]LogModuleManager: Shutting down and abandoning module UObjectPlugin (288)
[2018.03.13-16.05.42:527][266]LogModuleManager: Shutting down and abandoning module SubversionSourceControl (286)
[2018.03.13-16.05.42:527][266]LogModuleManager: Shutting down and abandoning module PerforceSourceControl (284)
[2018.03.13-16.05.42:527][266]LogModuleManager: Shutting down and abandoning module GitSourceControl (282)
[2018.03.13-16.05.42:527][266]LogModuleManager: Shutting down and abandoning module SourceControl (281)
[2018.03.13-16.05.42:527][266]LogModuleManager: Shutting down and abandoning module LightPropagationVolumeEditor (278)
[2018.03.13-16.05.42:527][266]LogModuleManager: Shutting down and abandoning module PaperTiledImporter (276)
[2018.03.13-16.05.42:527][266]LogModuleManager: Shutting down and abandoning module PaperSpriteSheetImporter (274)
[2018.03.13-16.05.42:527][266]LogModuleManager: Shutting down and abandoning module Paper2DEditor (272)
[2018.03.13-16.05.42:527][266]LogModuleManager: Shutting down and abandoning module MeshPaint (271)
[2018.03.13-16.05.42:527][266]LogModuleManager: Shutting down and abandoning module LevelEditor (269)
[2018.03.13-16.05.42:529][266]LogModuleManager: Shutting down and abandoning module PixelInspectorModule (268)
[2018.03.13-16.05.42:529][266]LogModuleManager: Shutting down and abandoning module MainFrame (266)
[2018.03.13-16.05.42:530][266]LogModuleManager: Shutting down and abandoning module HotReload (265)
[2018.03.13-16.05.42:531][266]LogModuleManager: Shutting down and abandoning module RuntimePhysXCooking (260)
[2018.03.13-16.05.42:531][266]LogModuleManager: Shutting down and abandoning module PhysXVehiclesEditor (258)
[2018.03.13-16.05.42:531][266]LogModuleManager: Shutting down and abandoning module PhysXVehicles (256)
[2018.03.13-16.05.42:532][266]LogModuleManager: Shutting down and abandoning module OculusEditor (254)
[2018.03.13-16.05.42:532][266]LogModuleManager: Shutting down and abandoning module LocationServicesBPLibrary (252)
[2018.03.13-16.05.42:532][266]LogModuleManager: Shutting down and abandoning module ImmediatePhysicsEditor (250)
[2018.03.13-16.05.42:532][266]LogModuleManager: Shutting down and abandoning module ImmediatePhysics (248)
[2018.03.13-16.05.42:532][266]LogModuleManager: Shutting down and abandoning module UdpMessaging (246)
[2018.03.13-16.05.42:632][266]LogModuleManager: Shutting down and abandoning module TcpMessaging (244)
[2018.03.13-16.05.42:732][266]LogModuleManager: Shutting down and abandoning module GameplayTagsEditor (242)
[2018.03.13-16.05.42:732][266]LogModuleManager: Shutting down and abandoning module FacialAnimationEditor (240)
[2018.03.13-16.05.42:732][266]LogModuleManager: Shutting down and abandoning module FacialAnimation (238)
[2018.03.13-16.05.42:732][266]LogModuleManager: Shutting down and abandoning module AssetManagerEditor (236)
[2018.03.13-16.05.42:732][266]LogModuleManager: Shutting down and abandoning module GraphEditor (235)
[2018.03.13-16.05.42:732][266]LogModuleManager: Shutting down and abandoning module ContentBrowser (233)
[2018.03.13-16.05.42:734][266]LogModuleManager: Shutting down and abandoning module LightPropagationVolumeRuntime (230)
[2018.03.13-16.05.42:735][266]LogModuleManager: Shutting down and abandoning module Paper2D (228)
[2018.03.13-16.05.42:735][266]LogModuleManager: Shutting down and abandoning module WindowsMoviePlayer (226)
[2018.03.13-16.05.42:735][266]LogModuleManager: Shutting down and abandoning module WmfMedia (224)
[2018.03.13-16.05.42:736][266]LogModuleManager: Shutting down and abandoning module PacketHandler (222)
[2018.03.13-16.05.42:736][266]LogModuleManager: Shutting down and abandoning module ClothingSystemEditor (220)
[2018.03.13-16.05.42:736][266]LogModuleManager: Shutting down and abandoning module ClothingSystemRuntime (218)
[2018.03.13-16.05.42:736][266]LogModuleManager: Shutting down and abandoning module Overlay (216)
[2018.03.13-16.05.42:736][266]LogModuleManager: Shutting down and abandoning module OverlayEditor (215)
[2018.03.13-16.05.42:736][266]LogModuleManager: Shutting down and abandoning module MediaAssets (212)
[2018.03.13-16.05.42:736][266]LogModuleManager: Shutting down and abandoning module VREditor (210)
[2018.03.13-16.05.42:736][266]LogModuleManager: Shutting down and abandoning module StringTableEditor (208)
[2018.03.13-16.05.42:736][266]LogModuleManager: Shutting down and abandoning module GameplayTasksEditor (206)
[2018.03.13-16.05.42:737][266]LogModuleManager: Shutting down and abandoning module BehaviorTreeEditor (204)
[2018.03.13-16.05.42:737][266]LogModuleManager: Shutting down and abandoning module FunctionalTesting (202)
[2018.03.13-16.05.42:737][266]LogModuleManager: Shutting down and abandoning module CollisionAnalyzer (200)
[2018.03.13-16.05.42:737][266]LogModuleManager: Shutting down and abandoning module WorkspaceMenuStructure (199)
[2018.03.13-16.05.42:737][266]LogModuleManager: Shutting down and abandoning module UMG (196)
[2018.03.13-16.05.42:737][266]LogModuleManager: Shutting down and abandoning module UMGEditor (195)
[2018.03.13-16.05.42:737][266]LogModuleManager: Shutting down and abandoning module Sequencer (194)
[2018.03.13-16.05.42:737][266]LogModuleManager: Shutting down and abandoning module MessageLog (191)
[2018.03.13-16.05.42:737][266]LogModuleManager: Shutting down and abandoning module SlateReflector (186)
[2018.03.13-16.05.42:737][266]LogModuleManager: Shutting down and abandoning module Slate (184)
[2018.03.13-16.05.42:737][266]LogModuleManager: Shutting down and abandoning module EditorStyle (182)
[2018.03.13-16.05.42:742][266]LogModuleManager: Shutting down and abandoning module MRMesh (180)
[2018.03.13-16.05.42:742][266]LogModuleManager: Shutting down and abandoning module SourceCodeAccess (178)
[2018.03.13-16.05.42:742][266]LogModuleManager: Shutting down and abandoning module HeadMountedDisplay (176)
[2018.03.13-16.05.42:743][266]LogModuleManager: Shutting down and abandoning module XAudio2 (174)
[2018.03.13-16.05.42:743][266]LogModuleManager: Shutting down and abandoning module Networking (172)
[2018.03.13-16.05.42:743][266]LogModuleManager: Shutting down and abandoning module Core (168)
[2018.03.13-16.05.42:743][266]LogModuleManager: Shutting down and abandoning module KismetCompiler (164)
[2018.03.13-16.05.42:743][266]LogModuleManager: Shutting down and abandoning module MeshUtilities (162)
[2018.03.13-16.05.42:743][266]LogModuleManager: Shutting down and abandoning module MeshMergeUtilities (161)
[2018.03.13-16.05.42:743][266]LogModuleManager: Shutting down and abandoning module MeshReductionInterface (160)
[2018.03.13-16.05.42:743][266]LogModuleManager: Shutting down and abandoning module SimplygonSwarm (159)
[2018.03.13-16.05.42:743][266]LogModuleManager: Shutting down and abandoning module SimplygonMeshReduction (157)
[2018.03.13-16.05.42:743][266]LogModuleManager: Shutting down and abandoning module QuadricMeshReduction (155)
[2018.03.13-16.05.42:743][266]LogModuleManager: Shutting down and abandoning module MaterialBaking (151)
[2018.03.13-16.05.42:743][266]LogModuleManager: Shutting down and abandoning module LevelSequence (148)
[2018.03.13-16.05.42:743][266]LogModuleManager: Shutting down and abandoning module DirectoryWatcher (146)
[2018.03.13-16.05.42:744][266]LogModuleManager: Shutting down and abandoning module DerivedDataCache (144)
[2018.03.13-16.05.42:822][266]LogDerivedDataCache: Shutdown
[2018.03.13-16.05.42:822][266]LogModuleManager: Shutting down and abandoning module TargetPlatform (142)
[2018.03.13-16.05.42:822][266]LogModuleManager: Shutting down and abandoning module VulkanShaderFormat (141)
[2018.03.13-16.05.42:822][266]LogModuleManager: Shutting down and abandoning module ShaderFormatVectorVM (139)
[2018.03.13-16.05.42:822][266]LogModuleManager: Shutting down and abandoning module ShaderFormatOpenGL (137)
[2018.03.13-16.05.42:822][266]LogModuleManager: Shutting down and abandoning module ShaderFormatD3D (135)
[2018.03.13-16.05.42:822][266]LogModuleManager: Shutting down and abandoning module MetalShaderFormat (133)
[2018.03.13-16.05.42:822][266]LogModuleManager: Shutting down and abandoning module TextureFormatUncompressed (131)
[2018.03.13-16.05.42:822][266]LogModuleManager: Shutting down and abandoning module TextureFormatPVR (129)
[2018.03.13-16.05.42:822][266]LogModuleManager: Shutting down and abandoning module TextureFormatDXT (127)
[2018.03.13-16.05.42:822][266]LogModuleManager: Shutting down and abandoning module TextureFormatIntelISPCTexComp (125)
[2018.03.13-16.05.42:822][266]LogModuleManager: Shutting down and abandoning module TextureFormatASTC (123)
[2018.03.13-16.05.42:822][266]LogModuleManager: Shutting down and abandoning module ImageWrapper (122)
[2018.03.13-16.05.42:822][266]LogModuleManager: Shutting down and abandoning module TextureFormatAndroid (119)
[2018.03.13-16.05.42:822][266]LogModuleManager: Shutting down and abandoning module AudioFormatOpus (117)
[2018.03.13-16.05.42:822][266]LogModuleManager: Shutting down and abandoning module AudioFormatOgg (115)
[2018.03.13-16.05.42:823][266]LogModuleManager: Shutting down and abandoning module AudioFormatADPCM (113)
[2018.03.13-16.05.42:823][266]LogModuleManager: Shutting down and abandoning module LinuxTargetPlatform (111)
[2018.03.13-16.05.42:823][266]LogModuleManager: Shutting down and abandoning module LinuxServerTargetPlatform (109)
[2018.03.13-16.05.42:823][266]LogModuleManager: Shutting down and abandoning module LinuxNoEditorTargetPlatform (107)
[2018.03.13-16.05.42:823][266]LogModuleManager: Shutting down and abandoning module LinuxClientTargetPlatform (105)
[2018.03.13-16.05.42:823][266]LogModuleManager: Shutting down and abandoning module TVOSTargetPlatform (103)
[2018.03.13-16.05.42:823][266]LogModuleManager: Shutting down and abandoning module Messaging (101)
[2018.03.13-16.05.42:823][266]LogModuleManager: Shutting down and abandoning module IOSTargetPlatform (99)
[2018.03.13-16.05.42:823][266]LogModuleManager: Shutting down and abandoning module HTML5TargetPlatform (97)
[2018.03.13-16.05.42:823][266]LogModuleManager: Shutting down and abandoning module Android_PVRTCTargetPlatform (95)
[2018.03.13-16.05.42:823][266]LogModuleManager: Shutting down and abandoning module Android_MultiTargetPlatform (93)
[2018.03.13-16.05.42:823][266]LogModuleManager: Shutting down and abandoning module Android_ETC2TargetPlatform (91)
[2018.03.13-16.05.42:823][266]LogModuleManager: Shutting down and abandoning module Android_ETC1TargetPlatform (89)
[2018.03.13-16.05.42:823][266]LogModuleManager: Shutting down and abandoning module Android_DXTTargetPlatform (87)
[2018.03.13-16.05.42:823][266]LogModuleManager: Shutting down and abandoning module Android_ATCTargetPlatform (85)
[2018.03.13-16.05.42:823][266]LogModuleManager: Shutting down and abandoning module Android_ASTCTargetPlatform (83)
[2018.03.13-16.05.42:823][266]LogModuleManager: Shutting down and abandoning module AndroidTargetPlatform (81)
[2018.03.13-16.05.42:823][266]LogModuleManager: Shutting down and abandoning module WindowsTargetPlatform (79)
[2018.03.13-16.05.42:823][266]LogModuleManager: Shutting down and abandoning module WindowsServerTargetPlatform (77)
[2018.03.13-16.05.42:823][266]LogModuleManager: Shutting down and abandoning module WindowsNoEditorTargetPlatform (75)
[2018.03.13-16.05.42:823][266]LogModuleManager: Shutting down and abandoning module WindowsClientTargetPlatform (73)
[2018.03.13-16.05.42:823][266]LogModuleManager: Shutting down and abandoning module MacTargetPlatform (71)
[2018.03.13-16.05.42:823][266]LogModuleManager: Shutting down and abandoning module MacServerTargetPlatform (69)
[2018.03.13-16.05.42:823][266]LogModuleManager: Shutting down and abandoning module MacNoEditorTargetPlatform (67)
[2018.03.13-16.05.42:823][266]LogModuleManager: Shutting down and abandoning module MacClientTargetPlatform (65)
[2018.03.13-16.05.42:823][266]LogModuleManager: Shutting down and abandoning module AllDesktopTargetPlatform (63)
[2018.03.13-16.05.42:824][266]LogModuleManager: Shutting down and abandoning module InputCore (60)
[2018.03.13-16.05.42:824][266]LogModuleManager: Shutting down and abandoning module Settings (58)
[2018.03.13-16.05.42:824][266]LogModuleManager: Shutting down and abandoning module PhysXCooking (56)
[2018.03.13-16.05.42:824][266]LogModuleManager: Shutting down and abandoning module SteamVR (54)
[2018.03.13-16.05.42:824][266]LogModuleManager: Shutting down and abandoning module OculusHMD (52)
[2018.03.13-16.05.42:824][266]LogModuleManager: Shutting down and abandoning module ExampleDeviceProfileSelector (50)
[2018.03.13-16.05.42:824][266]LogModuleManager: Shutting down and abandoning module OnlineBlueprintSupport (48)
[2018.03.13-16.05.42:824][266]LogModuleManager: Shutting down and abandoning module OnlineSubsystem (44)
[2018.03.13-16.05.42:824][266]LogOnline: Display: Unloading online subsystem: NULL
[2018.03.13-16.05.42:824][266]LogModuleManager: Shutting down and abandoning module XMPP (43)
[2018.03.13-16.05.42:824][266]LogModuleManager: Shutting down and abandoning module HTTP (41)
[2018.03.13-16.05.42:824][266]LogHttp: Display: Http module shutting down, but needs to wait on 1 outstanding Http requests:
[2018.03.13-16.05.42:824][266]LogHttp: Display: 	verb=[POST] url=[https://datarouter.ol.epicgames.com/datarouter/api/v1/public/data?SessionID=%7B624A6186-4D1C-0FAD-4675-27907898881F%7D&AppID=UEEditor.Rocket.Release&AppVersion=4.17.2-3658906%2B%2B%2BUE4%2BRelease-4.17&UserID=b1c7b0c0435afa922569578854c2bd4a%7C19f8344f5f99418cad8ec0eefcf2753d%7C43184563-79a2-4717-87b7-910876df2677&AppEnvironment=datacollector-binary&UploadType=eteventstream] status=Processing
[2018.03.13-16.05.42:840][266]LogModuleManager: Shutting down and abandoning module SSL (40)
[2018.03.13-16.05.42:843][266]LogModuleManager: Shutting down and abandoning module AnimationModifiers (36)
[2018.03.13-16.05.42:843][266]LogModuleManager: Shutting down and abandoning module PropertyEditor (35)
[2018.03.13-16.05.42:843][266]LogModuleManager: Shutting down and abandoning module AudioEditor (32)
[2018.03.13-16.05.42:843][266]LogModuleManager: Shutting down and abandoning module TextureCompressor (30)
[2018.03.13-16.05.42:843][266]LogModuleManager: Shutting down and abandoning module ShaderCore (28)
[2018.03.13-16.05.42:843][266]LogModuleManager: Shutting down and abandoning module Landscape (26)
[2018.03.13-16.05.42:843][266]LogModuleManager: Shutting down and abandoning module SlateRHIRenderer (24)
[2018.03.13-16.05.42:846][266]LogModuleManager: Shutting down and abandoning module OpenGLDrv (22)
[2018.03.13-16.05.42:847][266]LogModuleManager: Shutting down and abandoning module D3D11RHI (20)
[2018.03.13-16.05.42:847][266]LogModuleManager: Shutting down and abandoning module AnimGraphRuntime (18)
[2018.03.13-16.05.42:847][266]LogModuleManager: Shutting down and abandoning module Renderer (16)
[2018.03.13-16.05.42:847][266]LogModuleManager: Shutting down and abandoning module Engine (14)
[2018.03.13-16.05.42:847][266]LogModuleManager: Shutting down and abandoning module CoreUObject (12)
[2018.03.13-16.05.42:847][266]LogModuleManager: Shutting down and abandoning module NetworkFile (10)
[2018.03.13-16.05.42:847][266]LogModuleManager: Shutting down and abandoning module CookedIterativeFile (8)
[2018.03.13-16.05.42:847][266]LogModuleManager: Shutting down and abandoning module StreamingFile (6)
[2018.03.13-16.05.42:847][266]LogModuleManager: Shutting down and abandoning module SandboxFile (4)
[2018.03.13-16.05.42:847][266]LogModuleManager: Shutting down and abandoning module PakFile (2)
[2018.03.13-16.05.42:852][266]LogExit: Exiting.
[2018.03.13-16.05.43:442][266]Log file closed, 03/13/18 16:05:43
