Log file open, 02/21/18 14:18:48
LogWindows: Failed to load 'aqProf.dll' (GetLastError=126)
LogWindows: File 'aqProf.dll' does not exist
LogWindows: Failed to load 'VSPerf140.dll' (GetLastError=126)
LogWindows: File 'VSPerf140.dll' does not exist
LogWindows: Failed to load 'VtuneApi.dll' (GetLastError=126)
LogWindows: File 'VtuneApi.dll' does not exist
LogWindows: Failed to load 'VtuneApi32e.dll' (GetLastError=126)
LogWindows: File 'VtuneApi32e.dll' does not exist
LogInit: Display: Running engine for game: TechDemo
LogPlatformFile: Not using cached read wrapper
LogInit: Display: RandInit(585926946) SRandInit(585926946).
LogTaskGraph: Started task graph with 5 named threads and 8 total threads with 3 sets of task threads.
LogStats: Stats thread started at 3.782701
LogD3D11RHI: Aftermath initialized
LogPluginManager: Mounting plugin Paper2D
LogPluginManager: Mounting plugin LightPropagationVolume
LogPluginManager: Mounting plugin CodeLiteSourceCodeAccess
LogPluginManager: Mounting plugin GitSourceControl
LogPluginManager: Mounting plugin KDevelopSourceCodeAccess
LogPluginManager: Mounting plugin NullSourceCodeAccess
LogPluginManager: Mounting plugin PerforceSourceControl
LogPluginManager: Mounting plugin SubversionSourceControl
LogPluginManager: Mounting plugin UObjectPlugin
LogPluginManager: Mounting plugin VisualStudioSourceCodeAccess
LogPluginManager: Mounting plugin XCodeSourceCodeAccess
LogPluginManager: Mounting plugin AssetManagerEditor
LogPluginManager: Mounting plugin AudioCapture
LogPluginManager: Mounting plugin FacialAnimation
LogPluginManager: Mounting plugin GameplayTagsEditor
LogPluginManager: Mounting plugin MobileLauncherProfileWizard
LogPluginManager: Mounting plugin PluginBrowser
LogPluginManager: Mounting plugin SpeedTreeImporter
LogPluginManager: Mounting plugin AlembicImporter
LogPluginManager: Mounting plugin CharacterAI
LogPluginManager: Mounting plugin HTML5Networking
LogPluginManager: Mounting plugin AndroidMedia
LogPluginManager: Mounting plugin AvfMedia
LogPluginManager: Mounting plugin MediaPlayerEditor
LogPluginManager: Mounting plugin WmfMedia
LogPluginManager: Mounting plugin TcpMessaging
LogPluginManager: Mounting plugin UdpMessaging
LogPluginManager: Mounting plugin LevelSequenceEditor
LogPluginManager: Mounting plugin MatineeToLevelSequence
LogPluginManager: Mounting plugin OnlineSubsystemGooglePlay
LogPluginManager: Mounting plugin OnlineSubsystemIOS
LogPluginManager: Mounting plugin OnlineSubsystem
LogPluginManager: Mounting plugin OnlineSubsystemNull
LogPluginManager: Mounting plugin OnlineSubsystemUtils
LogPluginManager: Mounting plugin AndroidDeviceProfileSelector
LogPluginManager: Mounting plugin AndroidMoviePlayer
LogPluginManager: Mounting plugin AndroidPermission
LogPluginManager: Mounting plugin AppleMoviePlayer
LogPluginManager: Mounting plugin ArchVisCharacter
LogPluginManager: Mounting plugin CableComponent
LogPluginManager: Mounting plugin CustomMeshComponent
LogPluginManager: Mounting plugin ExampleDeviceProfileSelector
LogPluginManager: Mounting plugin GoogleCloudMessaging
LogPluginManager: Mounting plugin ImmediatePhysics
LogPluginManager: Mounting plugin IOSDeviceProfileSelector
LogPluginManager: Mounting plugin LinuxDeviceProfileSelector
LogPluginManager: Mounting plugin LocationServicesBPLibrary
LogPluginManager: Mounting plugin MobilePatchingUtils
LogPluginManager: Mounting plugin OculusVR
LogPluginManager: Mounting plugin PhysXVehicles
LogPluginManager: Mounting plugin ProceduralMeshComponent
LogPluginManager: Mounting plugin RuntimePhysXCooking
LogPluginManager: Mounting plugin SteamVR
LogPluginManager: Mounting plugin WindowsMoviePlayer
LogInit: Using libcurl 7.47.1
LogInit:  - built for x86_64-pc-win32
LogInit:  - supports SSL with OpenSSL/1.0.2g
LogInit:  - supports HTTP deflate (compression) using libz 1.2.8
LogInit:  - other features:
LogInit:      CURL_VERSION_SSL
LogInit:      CURL_VERSION_LIBZ
LogInit:      CURL_VERSION_IPV6
LogInit:      CURL_VERSION_ASYNCHDNS
LogInit:      CURL_VERSION_LARGEFILE
LogInit:      CURL_VERSION_IDN
LogInit:  CurlRequestOptions (configurable via config and command line):
LogInit:  - bVerifyPeer = false  - Libcurl will NOT verify peer certificate
LogInit:  - bUseHttpProxy = false  - Libcurl will NOT use HTTP proxy
LogInit:  - bDontReuseConnections = false  - Libcurl will reuse connections
LogInit:  - CertBundlePath = nullptr  - Libcurl will use whatever was configured at build time.
LogInit: Build: ++UE4+Release-4.17-CL-3658906
LogInit: Engine Version: 4.17.2-3658906+++UE4+Release-4.17
LogInit: Compatible Engine Version: 4.17.0-3573198+++UE4+Release-4.17
LogInit: Net CL: 3573198
LogDevObjectVersion: Number of dev versions registered: 16
LogDevObjectVersion:   Dev-Blueprints (B0D832E4-1F89-4F0D-ACCF-7EB736FD4AA2): 10
LogDevObjectVersion:   Dev-Build (E1C64328-A22C-4D53-A36C-8E866417BD8C): 0
LogDevObjectVersion:   Dev-Core (375EC13C-06E4-48FB-B500-84F0262A717E): 2
LogDevObjectVersion:   Dev-Editor (E4B068ED-F494-42E9-A231-DA0B2E46BB41): 20
LogDevObjectVersion:   Dev-Framework (CFFC743F-43B0-4480-9391-14DF171D2073): 28
LogDevObjectVersion:   Dev-Mobile (B02B49B5-BB20-44E9-A304-32B752E40360): 0
LogDevObjectVersion:   Dev-Networking (A4E4105C-59A1-49B5-A7C5-40C4547EDFEE): 0
LogDevObjectVersion:   Dev-Online (39C831C9-5AE6-47DC-9A44-9C173E1C8E7C): 0
LogDevObjectVersion:   Dev-Physics (78F01B33-EBEA-4F98-B9B4-84EACCB95AA2): 0
LogDevObjectVersion:   Dev-Platform (6631380F-2D4D-43E0-8009-CF276956A95A): 0
LogDevObjectVersion:   Dev-Rendering (12F88B9F-8875-4AFC-A67C-D90C383ABD29): 19
LogDevObjectVersion:   Dev-Sequencer (7B5AE74C-D270-4C10-A958-57980B212A5A): 4
LogDevObjectVersion:   Dev-VR (D7296918-1DD6-4BDD-9DE2-64A83CC13884): 0
LogDevObjectVersion:   Dev-LoadTimes (C2A15278-BFE7-4AFE-6C17-90FF531DF755): 1
LogDevObjectVersion:   Private-Geometry (6EACA3D4-40EC-4CC1-B786-8BED09428FC5): 1
LogDevObjectVersion:   Dev-AnimPhys (29E575DD-E0A3-4627-9D10-D276232CDCEA): 7
LogInit: Compiled (64-bit): Sep 22 2017 13:47:16
LogInit: Compiled with Visual C++: 19.00.24215.01
LogInit: Build Configuration: Development
LogInit: Branch Name: ++UE4+Release-4.17
LogInit: Command line:  
LogInit: Base directory: C:/Program Files/Epic Games/UE_4.17/Engine/Binaries/Win64/
LogInit: Installed Engine Build: 1
LogInit: Presizing for max 8388607 objects, including 0 objects not considered by GC, pre-allocating 0 bytes for permanent pool.
LogInit: Object subsystem initialized
[2018.02.21-14.19.08:243][  0]LogInit: Selected Device Profile: [Windows]
[2018.02.21-14.19.08:243][  0]LogInit: Applying CVar settings loaded from the selected device profile: [Windows]
[2018.02.21-14.19.08:936][  0]LogInit: Computer: DESKTOP-JRIKN0K
[2018.02.21-14.19.08:936][  0]LogInit: User: NewUser
[2018.02.21-14.19.08:936][  0]LogInit: CPU Page size=4096, Cores=2
[2018.02.21-14.19.08:936][  0]LogInit: High frequency timer resolution =2.115884 MHz
[2018.02.21-14.19.08:937][  0]LogMemory: Memory total: Physical=3.9GB (4GB approx)
[2018.02.21-14.19.08:977][  0]LogMemory: Platform Memory Stats for Windows
[2018.02.21-14.19.08:977][  0]LogMemory: Process Physical Memory: 278.33 MB used, 278.33 MB peak
[2018.02.21-14.19.08:977][  0]LogMemory: Process Virtual Memory: 275.75 MB used, 275.75 MB peak
[2018.02.21-14.19.08:977][  0]LogMemory: Physical Memory: 2204.89 MB used,  1777.99 MB free, 3982.88 MB total
[2018.02.21-14.19.08:977][  0]LogMemory: Virtual Memory: 663.41 MB used,  1777.99 MB free, 134217728.00 MB total
[2018.02.21-14.19.17:099][  0]LogInit: Using OS detected language (en-US).
[2018.02.21-14.19.17:100][  0]LogInit: Using OS detected locale (en-GB).
[2018.02.21-14.19.17:618][  0]LogTextLocalizationManager: No specific localization for 'en-US' exists, so the 'en' localization will be used.
[2018.02.21-14.19.35:063][  0]LogD3D11RHI: D3D11 adapters:
[2018.02.21-14.19.35:081][  0]LogD3D11RHI:    0. 'Intel(R) HD Graphics' (Feature Level 11_0)
[2018.02.21-14.19.35:081][  0]LogD3D11RHI:       64/0/1728 MB DedicatedVideo/DedicatedSystem/SharedSystem, Outputs:1, VendorId:0x8086
[2018.02.21-14.19.35:085][  0]LogD3D11RHI:    1. 'Microsoft Basic Render Driver' (Feature Level 11_0)
[2018.02.21-14.19.35:085][  0]LogD3D11RHI:       0/0/1991 MB DedicatedVideo/DedicatedSystem/SharedSystem, Outputs:0, VendorId:0x1414
[2018.02.21-14.19.35:085][  0]LogD3D11RHI: Chosen D3D11 Adapter: 0
[2018.02.21-14.19.35:216][  0]LogD3D11RHI: Creating new Direct3DDevice
[2018.02.21-14.19.35:217][  0]LogD3D11RHI:     GPU DeviceId: 0xf31 (for the marketing name, search the web for "GPU Device Id")
[2018.02.21-14.19.35:217][  0]LogWindows: EnumDisplayDevices:
[2018.02.21-14.19.35:217][  0]LogWindows:    0. 'Intel(R) HD Graphics' (P:1 D:1)
[2018.02.21-14.19.35:218][  0]LogWindows:    1. 'Intel(R) HD Graphics' (P:0 D:0)
[2018.02.21-14.19.35:219][  0]LogWindows: DebugString: FoundDriverCount:2 
[2018.02.21-14.19.35:219][  0]LogD3D11RHI:     Adapter Name: Intel(R) HD Graphics
[2018.02.21-14.19.35:219][  0]LogD3D11RHI:   Driver Version: 10.18.10.4425 (internal:10.18.10.4425, unified:10.18.10.4425)
[2018.02.21-14.19.35:219][  0]LogD3D11RHI:      Driver Date: 4-4-2016
[2018.02.21-14.19.35:219][  0]LogRHI: Texture pool is 649 MB (70% of 928 MB)
[2018.02.21-14.19.35:281][  0]LogD3D11RHI: Async texture creation enabled
[2018.02.21-14.19.36:313][  0]LogD3D11RHI: GPU Timing Frequency: 12.500000 (Debug: 2 0)
[2018.02.21-14.19.36:728][  0]LogShaderCompilers: Guid format shader working directory is -19 characters bigger than the processId version (E:/New folder/Year 3/Level 5 Scripting tasks/sem 2/Assign 2/TechDemo/Intermediate/Shaders/WorkingDirectory/3216/).
[2018.02.21-14.19.36:729][  0]LogShaderCompilers: Cleaned the shader compiler working directory 'C:/Users/New User/AppData/Local/Temp/UnrealShaderWorkingDir/DAE69AD744652D321891AC8842A7C7CF/'.
[2018.02.21-14.19.36:745][  0]LogShaderCompilers: Display: Using Local Shader Compiler.
[2018.02.21-14.19.55:507][  0]LogTemp: Display: Loaded TP AllDesktopTargetPlatform
[2018.02.21-14.19.55:880][  0]LogTemp: Display: Loaded TP MacClientTargetPlatform
[2018.02.21-14.19.56:266][  0]LogTemp: Display: Loaded TP MacNoEditorTargetPlatform
[2018.02.21-14.19.56:727][  0]LogTemp: Display: Loaded TP MacServerTargetPlatform
[2018.02.21-14.19.57:278][  0]LogTemp: Display: Loaded TP MacTargetPlatform
[2018.02.21-14.19.57:713][  0]LogTemp: Display: Loaded TP WindowsClientTargetPlatform
[2018.02.21-14.19.58:201][  0]LogTemp: Display: Loaded TP WindowsNoEditorTargetPlatform
[2018.02.21-14.19.58:585][  0]LogTemp: Display: Loaded TP WindowsServerTargetPlatform
[2018.02.21-14.19.58:948][  0]LogTemp: Display: Loaded TP WindowsTargetPlatform
[2018.02.21-14.19.59:394][  0]LogTemp: Display: Loaded TP AndroidTargetPlatform
[2018.02.21-14.19.59:979][  0]LogTemp: Display: Loaded TP Android_ASTCTargetPlatform
[2018.02.21-14.20.00:399][  0]LogTemp: Display: Loaded TP Android_ATCTargetPlatform
[2018.02.21-14.20.00:858][  0]LogTemp: Display: Loaded TP Android_DXTTargetPlatform
[2018.02.21-14.20.01:277][  0]LogTemp: Display: Loaded TP Android_ETC1TargetPlatform
[2018.02.21-14.20.01:662][  0]LogTemp: Display: Loaded TP Android_ETC2TargetPlatform
[2018.02.21-14.20.02:521][  0]LogTemp: Display: Loaded TP Android_MultiTargetPlatform
[2018.02.21-14.20.02:521][  0]LogTemp: Display: Loaded TP Android_PVRTCTargetPlatform
[2018.02.21-14.20.02:840][  0]LogTemp: Display: Loaded TP HTML5TargetPlatform
[2018.02.21-14.20.04:450][  0]LogTemp: Display: Loaded TP IOSTargetPlatform
[2018.02.21-14.20.05:075][  0]LogTemp: Display: Loaded TP TVOSTargetPlatform
[2018.02.21-14.20.06:063][  0]LogTemp: Display: Loaded TP LinuxClientTargetPlatform
[2018.02.21-14.20.06:765][  0]LogTemp: Display: Loaded TP LinuxNoEditorTargetPlatform
[2018.02.21-14.20.07:253][  0]LogTemp: Display: Loaded TP LinuxServerTargetPlatform
[2018.02.21-14.20.07:854][  0]LogTemp: Display: Loaded TP LinuxTargetPlatform
[2018.02.21-14.20.07:854][  0]LogTargetPlatformManager: Display: Building Assets For Windows
[2018.02.21-14.20.15:800][  0]LogDerivedDataCache: Display: Max Cache Size: 512 MB
[2018.02.21-14.20.37:174][  0]LogDerivedDataCache: Loaded boot cache 21.35s 93MB C:/Users/New User/AppData/Local/UnrealEngine/4.17/DerivedDataCache/Boot.ddc.
[2018.02.21-14.20.37:175][  0]LogDerivedDataCache: Display: Loaded Boot cache: C:/Users/New User/AppData/Local/UnrealEngine/4.17/DerivedDataCache/Boot.ddc
[2018.02.21-14.20.37:175][  0]LogDerivedDataCache: FDerivedDataBackendGraph:  Pak pak cache file E:/New folder/Year 3/Level 5 Scripting tasks/sem 2/Assign 2/TechDemo/DerivedDataCache/DDC.ddp not found, will not use a pak cache.
[2018.02.21-14.20.37:175][  0]LogDerivedDataCache: Unable to find inner node Pak for hierarchical cache Hierarchy.
[2018.02.21-14.20.37:176][  0]LogDerivedDataCache: FDerivedDataBackendGraph:  CompressedPak pak cache file E:/New folder/Year 3/Level 5 Scripting tasks/sem 2/Assign 2/TechDemo/DerivedDataCache/Compressed.ddp not found, will not use a pak cache.
[2018.02.21-14.20.37:176][  0]LogDerivedDataCache: Unable to find inner node CompressedPak for hierarchical cache Hierarchy.
[2018.02.21-14.20.37:385][  0]LogDerivedDataCache: Display: Pak cache opened for reading ../../../Engine/DerivedDataCache/Compressed.ddp.
[2018.02.21-14.20.37:427][  0]LogDerivedDataCache: Using Local data cache path C:/Users/New User/AppData/Local/UnrealEngine/Common/DerivedDataCache: Writable
[2018.02.21-14.20.37:726][  0]LogMaterial: Verifying Global Shaders for PCD3D_SM5
[2018.02.21-14.20.38:015][  0]LogSlate: Using Freetype 2.6.0
[2018.02.21-14.20.38:403][  0]LogSlate: SlateFontCache - WITH_FREETYPE: 1, WITH_HARFBUZZ: 1
[2018.02.21-14.20.38:438][  0]LogSlate: SlateFontCache - WITH_FREETYPE: 1, WITH_HARFBUZZ: 1
[2018.02.21-14.21.03:730][  0]LogAssetRegistry: FAssetRegistry took 0.1606 seconds to start up
[2018.02.21-14.21.06:842][  0]LogInit: Selected Device Profile: [Windows]
[2018.02.21-14.21.16:420][  0]LogContentStreaming: Texture pool size is 0.00 MB
[2018.02.21-14.21.21:530][  0]LogSimplygon: Simplygon DLL not present - disabling.
[2018.02.21-14.21.21:938][  0]LogMeshReduction: Using SimplygonSwarm for distributed automatic mesh merging
[2018.02.21-14.21.21:965][  0]LogMeshReduction: Using QuadricMeshReduction for automatic static mesh reduction
[2018.02.21-14.21.21:965][  0]LogMeshReduction: No automatic skeletal mesh reduction module available
[2018.02.21-14.21.21:965][  0]LogMeshReduction: No automatic mesh merging module available
[2018.02.21-14.21.21:965][  0]LogMeshMerging: No automatic mesh merging module available
[2018.02.21-14.21.35:366][  0]LogNetVersion: TechDemo , NetCL: 3573198, EngineNetVer: 2, GameNetVer: 0 (Checksum: 41209163)
[2018.02.21-14.21.41:369][  0]LogPackageLocalizationCache: Processed 5 localized package path(s) for 2 prioritized culture(s) in 1.197085 seconds
[2018.02.21-14.21.41:514][  0]LogUObjectArray: 35825 objects as part of root set at end of initial load.
[2018.02.21-14.21.41:514][  0]LogUObjectAllocator: 7529112 out of 0 bytes used by permanent object pool.
[2018.02.21-14.21.41:514][  0]LogUObjectArray: CloseDisregardForGC: 0/0 objects in disregard for GC pool
[2018.02.21-14.21.44:026][  0]LogInit: WinSock: version 1.1 (2.2), MaxSocks=32767, MaxUdp=65467
[2018.02.21-14.22.53:024][  0]LogTcpMessaging: Initializing TcpMessaging bridge
[2018.02.21-14.22.53:295][  0]LogUdpMessaging: Initializing bridge on interface 0.0.0.0:0 to multicast group 230.0.0.1:6666.
[2018.02.21-14.23.02:669][  0]LogMaterial: Uniform references updated for custom material expression Custom.
[2018.02.21-14.23.06:841][  0]SourceControl: Source control is disabled
[2018.02.21-14.23.06:841][  0]SourceControl: Source control is disabled
[2018.02.21-14.23.08:020][  0]SourceControl: Source control is disabled
[2018.02.21-14.23.08:466][  0]SourceControl: Source control is disabled
[2018.02.21-14.23.15:247][  0]LogAndroidPermission: UAndroidPermissionCallbackProxy::GetInstance
[2018.02.21-14.23.17:435][  0]LogOcInput: OculusInput pre-init called
[2018.02.21-14.23.20:304][  0]LogEngine: Initializing Engine...
[2018.02.21-14.23.20:373][  0]LogHMD: Failed to initialize OpenVR with code 110
[2018.02.21-14.23.22:834][  0]LogStats: UGameplayTagsManager::ConstructGameplayTagTree: Construct from data asset -  0.000 s
[2018.02.21-14.23.22:836][  0]LogStats: UGameplayTagsManager::ConstructGameplayTagTree: GameplayTagTreeChangedEvent.Broadcast -  0.000 s
[2018.02.21-14.23.25:533][  0]LogAIModule: Creating AISystem for world Untitled
[2018.02.21-14.23.26:392][  0]LogInit: XAudio2 using 'Speakers (Realtek High Definition Audio)' : 2 channels at 48 kHz using 32 bits per sample (channel mask 0x3)
[2018.02.21-14.23.26:727][  0]LogInit: FAudioDevice initialized.
[2018.02.21-14.23.32:142][  0]LogDerivedDataCache: Saved boot cache 5.39s 93MB C:/Users/New User/AppData/Local/UnrealEngine/4.17/DerivedDataCache/Boot.ddc.
[2018.02.21-14.23.32:215][  0]LogInit: Texture streaming: Enabled
[2018.02.21-14.23.34:740][  0]LogEngineSessionManager: EngineSessionManager initialized
[2018.02.21-14.23.39:567][  0]LogInit: Transaction tracking system initialized
[2018.02.21-14.23.44:520][  0]BlueprintLog: New page: Editor Load
[2018.02.21-14.23.59:260][  0]LocalizationService: Localization service is disabled
[2018.02.21-14.24.11:411][  0]LogConsoleResponse: Display: 
[2018.02.21-14.24.18:155][  0]LogFileCache: Scanning file cache for directory 'E:/New folder/Year 3/Level 5 Scripting tasks/sem 2/Assign 2/TechDemo/Content/' took 0.04s
[2018.02.21-14.24.18:155][  0]LogCook: Display: Max memory allowance for cook 16384mb min free memory 0mb
[2018.02.21-14.24.18:180][  0]LogCook: Display: Mobile HDR setting 1
[2018.02.21-14.24.18:306][  0]LogGameplayTags: Display: UGameplayTagsManager::DoneAddingNativeTags. DelegateIsBound: 0
[2018.02.21-14.24.46:144][  0]SourceControl: Source control is disabled
[2018.02.21-14.24.46:275][  0]Cmd: MAP LOAD FILE="E:/New folder/Year 3/Level 5 Scripting tasks/sem 2/Assign 2/TechDemo/Content/SideScrollerBP/Maps/SideScrollerExampleMap.umap" TEMPLATE=0 SHOWPROGRESS=1 FEATURELEVEL=3
[2018.02.21-14.24.46:309][  0]LightingResults: New page: Lighting Build
[2018.02.21-14.24.48:497][  0]MapCheck: New page: Map Check
[2018.02.21-14.24.48:497][  0]LightingResults: New page: Lighting Build
[2018.02.21-14.25.01:069][  0]LogAIModule: Creating AISystem for world SideScrollerExampleMap
[2018.02.21-14.25.04:072][  0]LogEditorServer: Finished looking for orphan Actors (0.000 secs)
[2018.02.21-14.25.04:656][  0]Cmd: MAP CHECKDEP NOCLEARLOG
[2018.02.21-14.25.07:708][  0]MapCheck: Map check complete: 0 Error(s), 0 Warning(s), took 3,052.597ms to complete.
[2018.02.21-14.25.07:713][  0]LogFileHelpers: Loading map 'SideScrollerExampleMap' took 21.514
[2018.02.21-14.25.19:231][  0]LogCollectionManager: Loaded 0 collections in 0.011145 seconds
[2018.02.21-14.25.22:160][  0]LogFileCache: Scanning file cache for directory 'E:/New folder/Year 3/Level 5 Scripting tasks/sem 2/Assign 2/TechDemo/Saved/Collections/' took 0.02s
[2018.02.21-14.25.22:160][  0]LogFileCache: Scanning file cache for directory 'E:/New folder/Year 3/Level 5 Scripting tasks/sem 2/Assign 2/TechDemo/Content/Developers/NewUser/Collections/' took 0.02s
[2018.02.21-14.25.22:160][  0]LogFileCache: Scanning file cache for directory 'E:/New folder/Year 3/Level 5 Scripting tasks/sem 2/Assign 2/TechDemo/Content/Collections/' took 0.04s
[2018.02.21-14.25.22:161][  0]LogCollectionManager: Rebuilt the GUID cache for 0 collections in 0.000001 seconds
[2018.02.21-14.25.22:409][  0]LogContentBrowser: Native class hierarchy populated in 0.1408 seconds. Added 2386 classes and 500 folders.
[2018.02.21-14.25.24:388][  0]LogContentBrowser: Native class hierarchy updated for 'WidgetCarousel' in 0.0379 seconds. Added 0 classes and 0 folders.
[2018.02.21-14.25.28:337][  0]LogContentBrowser: Native class hierarchy updated for 'AddContentDialog' in 0.0024 seconds. Added 0 classes and 0 folders.
[2018.02.21-14.25.29:260][  0]LogContentBrowser: Native class hierarchy updated for 'SceneOutliner' in 0.0026 seconds. Added 1 classes and 2 folders.
[2018.02.21-14.25.32:162][  0]LogSlate: Took 0.038923 seconds to synchronously load lazily loaded font '../../../Engine/Content/Slate/Fonts/Roboto-Regular.ttf' (155K)
[2018.02.21-14.25.32:280][  0]LogSlate: Took 0.048557 seconds to synchronously load lazily loaded font '../../../Engine/Content/Slate/Fonts/Roboto-Bold.ttf' (160K)
[2018.02.21-14.25.32:451][  0]LogSlate: Took 0.014733 seconds to synchronously load lazily loaded font '../../../Engine/Content/Editor/Slate/Fonts/FontAwesome.ttf' (139K)
[2018.02.21-14.25.35:347][  0]LogRenderer: Reallocating scene render targets to support 804x404 Format 9 NumSamples 1 (Frame:1).
[2018.02.21-14.25.43:475][  0]LogContentBrowser: Native class hierarchy updated for 'HierarchicalLODOutliner' in 0.0031 seconds. Added 1 classes and 2 folders.
[2018.02.21-14.25.43:476][  0]LogLoad: (Engine Initialization) Total time: 476.68 seconds
[2018.02.21-14.25.43:476][  0]LogLoad: (Engine Initialization) Total Blueprint compile time: 0.00 seconds
[2018.02.21-14.25.43:521][  0]LogExternalProfiler: No external profilers were discovered.  External profiling features will not be available.
[2018.02.21-14.25.45:121][  0]LogContentStreaming: Texture pool size now 400 MB
[2018.02.21-14.25.49:707][  2]LogSlate: Took 0.117774 seconds to synchronously load lazily loaded font '../../../Engine/Content/Slate/Fonts/Roboto-Light.ttf' (159K)
[2018.02.21-14.25.54:455][ 12]LogAssetRegistry: Asset discovery search completed in 290.7824 seconds
[2018.02.21-14.25.54:830][ 12]LogCollectionManager: Rebuilt the object cache for 0 collections in 0.000002 seconds (found 0 objects)
[2018.02.21-14.25.54:989][ 12]LogCollectionManager: Fixed up redirectors for 0 collections in 0.298038 seconds (updated 0 objects)
[2018.02.21-14.26.15:163][504]LogSlate: Took 0.000683 seconds to synchronously load lazily loaded font '../../../Engine/Content/Slate/Fonts/Roboto-Light.ttf' (159K)
[2018.02.21-14.26.16:178][504]LogSlate: Took 0.000670 seconds to synchronously load lazily loaded font '../../../Engine/Content/Slate/Fonts/Roboto-Regular.ttf' (155K)
[2018.02.21-14.26.20:611][504]LogContentBrowser: Native class hierarchy updated for 'BlueprintGraph' in 0.0046 seconds. Added 113 classes and 0 folders.
[2018.02.21-14.26.29:719][504]LogSlate: Took 0.268897 seconds to synchronously load lazily loaded font '../../../Engine/Content/Editor/Slate/Fonts/Roboto-BoldCondensed.ttf' (158K)
[2018.02.21-14.26.43:369][628]LogTemp: Repeating last play command: Selected Viewport
[2018.02.21-14.26.44:613][628]LogBlueprintUserMessages: Early PlayInEditor Detection: Level '/Game/SideScrollerBP/Maps/SideScrollerExampleMap.SideScrollerExampleMap:PersistentLevel' has LevelScriptBlueprint '/Game/SideScrollerBP/Maps/SideScrollerExampleMap.SideScrollerExampleMap:PersistentLevel.SideScrollerExampleMap' with GeneratedClass '/Game/SideScrollerBP/Maps/SideScrollerExampleMap.SideScrollerExampleMap_C' with ClassGeneratedBy '/Game/SideScrollerBP/Maps/SideScrollerExampleMap.SideScrollerExampleMap:PersistentLevel.SideScrollerExampleMap'
[2018.02.21-14.26.44:679][628]LogPlayLevel: PlayLevel: No blueprints needed recompiling
[2018.02.21-14.26.45:220][628]PIE: New page: PIE session: SideScrollerExampleMap (21 Feb 2018 14:26:44)
[2018.02.21-14.26.45:257][628]LogPlayLevel: Creating play world package: /Game/SideScrollerBP/Maps/UEDPIE_0_SideScrollerExampleMap
[2018.02.21-14.26.45:647][628]LogPlayLevel: PIE: StaticDuplicateObject took: (0.390190s)
[2018.02.21-14.26.45:649][628]LogAIModule: Creating AISystem for world SideScrollerExampleMap
[2018.02.21-14.26.45:650][628]LogPlayLevel: PIE: World Init took: (0.002834s)
[2018.02.21-14.26.45:667][628]LogPlayLevel: PIE: Created PIE world by copying editor world from /Game/SideScrollerBP/Maps/SideScrollerExampleMap.SideScrollerExampleMap to /Game/SideScrollerBP/Maps/UEDPIE_0_SideScrollerExampleMap.SideScrollerExampleMap (0.420329s)
[2018.02.21-14.26.45:947][628]LogInit: XAudio2 using 'Speakers (Realtek High Definition Audio)' : 2 channels at 48 kHz using 32 bits per sample (channel mask 0x3)
[2018.02.21-14.26.46:469][628]LogInit: FAudioDevice initialized.
[2018.02.21-14.26.47:219][628]LogLoad: Game class is 'SideScrollerGameMode_C'
[2018.02.21-14.26.47:709][628]LogWorld: Bringing World /Game/SideScrollerBP/Maps/UEDPIE_0_SideScrollerExampleMap.SideScrollerExampleMap up for play (max tick rate 60) at 2018.02.21-14.26.47
[2018.02.21-14.26.48:019][628]LogWorld: Bringing up level for play took: 0.349882
[2018.02.21-14.26.49:141][628]LogContentBrowser: Native class hierarchy updated for 'MovieSceneCapture' in 0.0030 seconds. Added 11 classes and 0 folders.
[2018.02.21-14.26.49:573][628]PIE: Play in editor start time for /Game/SideScrollerBP/Maps/UEDPIE_0_SideScrollerExampleMap 4.164
[2018.02.21-14.26.49:574][628]LogBlueprintUserMessages: Late PlayInEditor Detection: Level '/Game/SideScrollerBP/Maps/SideScrollerExampleMap.SideScrollerExampleMap:PersistentLevel' has LevelScriptBlueprint '/Game/SideScrollerBP/Maps/SideScrollerExampleMap.SideScrollerExampleMap:PersistentLevel.SideScrollerExampleMap' with GeneratedClass '/Game/SideScrollerBP/Maps/SideScrollerExampleMap.SideScrollerExampleMap_C' with ClassGeneratedBy '/Game/SideScrollerBP/Maps/SideScrollerExampleMap.SideScrollerExampleMap:PersistentLevel.SideScrollerExampleMap'
[2018.02.21-14.26.58:354][805]LogBlueprintUserMessages: [Arrow_C_0] TARGET HIT
[2018.02.21-14.27.00:337][864]LogBlueprintUserMessages: [Arrow_C_1] TARGET HIT
[2018.02.21-14.27.04:312][986]LogBlueprintUserMessages: [SideScrollerExampleMap_C_1] Target Missed!
[2018.02.21-14.27.04:367][987]LogBlueprintUserMessages: [Arrow_C_3] TARGET HIT
[2018.02.21-14.27.05:503][ 14]LogBlueprintUserMessages: Early EndPlayMap Detection: Level '/Game/SideScrollerBP/Maps/SideScrollerExampleMap.SideScrollerExampleMap:PersistentLevel' has LevelScriptBlueprint '/Game/SideScrollerBP/Maps/SideScrollerExampleMap.SideScrollerExampleMap:PersistentLevel.SideScrollerExampleMap' with GeneratedClass '/Game/SideScrollerBP/Maps/SideScrollerExampleMap.SideScrollerExampleMap_C' with ClassGeneratedBy '/Game/SideScrollerBP/Maps/SideScrollerExampleMap.SideScrollerExampleMap:PersistentLevel.SideScrollerExampleMap'
[2018.02.21-14.27.05:891][ 14]LogBlueprintUserMessages: Late EndPlayMap Detection: Level '/Game/SideScrollerBP/Maps/SideScrollerExampleMap.SideScrollerExampleMap:PersistentLevel' has LevelScriptBlueprint '/Game/SideScrollerBP/Maps/SideScrollerExampleMap.SideScrollerExampleMap:PersistentLevel.SideScrollerExampleMap' with GeneratedClass '/Game/SideScrollerBP/Maps/SideScrollerExampleMap.SideScrollerExampleMap_C' with ClassGeneratedBy '/Game/SideScrollerBP/Maps/SideScrollerExampleMap.SideScrollerExampleMap:PersistentLevel.SideScrollerExampleMap'
[2018.02.21-14.27.25:976][481]LogSlate: Took 0.042098 seconds to synchronously load lazily loaded font '../../../Engine/Content/Editor/Slate/Fonts/Roboto-Italic.ttf' (157K)
[2018.02.21-14.28.34:376][651]LogSlate: Took 0.023294 seconds to synchronously load lazily loaded font '../../../Engine/Content/Slate/Fonts/Roboto-Light.ttf' (159K)
[2018.02.21-14.34.55:063][726]LogSlate: Took 0.048411 seconds to synchronously load lazily loaded font '../../../Engine/Content/Editor/Slate/Fonts/Roboto-BoldCondensedItalic.ttf' (160K)
[2018.02.21-14.35.00:335][821]BlueprintLog: New page: Compile SideScrollerCharacter
[2018.02.21-14.36.22:035][ 39]LogSavePackage: Save=14310.26ms
[2018.02.21-14.36.22:035][ 39]LogSavePackage: Moving 'E:/New folder/Year 3/Level 5 Scripting tasks/sem 2/Assign 2/TechDemo/Saved/SideScrollerExampleMap_Auto1DA70425B47E432D580A5F9A2265B3E11.tmp' to 'E:/New folder/Year 3/Level 5 Scripting tasks/sem 2/Assign 2/TechDemo/Saved/Autosaves/Game/SideScrollerBP/Maps/SideScrollerExampleMap_Auto1.umap'
[2018.02.21-14.36.22:130][ 39]LogSavePackage: Display: Finished SavePackage E:/New folder/Year 3/Level 5 Scripting tasks/sem 2/Assign 2/TechDemo/Saved/Autosaves/Game/SideScrollerBP/Maps/SideScrollerExampleMap_Auto1.umap
[2018.02.21-14.36.22:334][ 39]LogFileHelpers: Editor autosave (incl. sublevels) for '/Game/SideScrollerBP/Maps/SideScrollerExampleMap' took 15.733
[2018.02.21-14.36.22:336][ 39]LogFileHelpers: Editor autosave (incl. sublevels) for all levels took 15.733
[2018.02.21-14.36.22:377][ 39]OBJ SavePackage: Generating thumbnails for [1] asset(s) in package [/Game/SideScrollerBP/Blueprints/SideScrollerCharacter] ([1] browsable assets)...
[2018.02.21-14.36.22:564][ 39]OBJ SavePackage:     Rendered thumbnail for [Blueprint /Game/SideScrollerBP/Blueprints/SideScrollerCharacter.SideScrollerCharacter]
[2018.02.21-14.36.22:564][ 39]OBJ SavePackage: Finished generating thumbnails for package [/Game/SideScrollerBP/Blueprints/SideScrollerCharacter]
[2018.02.21-14.36.25:894][ 39]LogSavePackage: Save=2604.66ms
[2018.02.21-14.36.25:894][ 39]LogSavePackage: Moving 'E:/New folder/Year 3/Level 5 Scripting tasks/sem 2/Assign 2/TechDemo/Saved/SideScrollerCharacter_Auto1397327504E19FD21B97378B350D89953.tmp' to 'E:/New folder/Year 3/Level 5 Scripting tasks/sem 2/Assign 2/TechDemo/Saved/Autosaves/Game/SideScrollerBP/Blueprints/SideScrollerCharacter_Auto1.uasset'
[2018.02.21-14.36.26:027][ 39]LogSavePackage: Display: Finished SavePackage E:/New folder/Year 3/Level 5 Scripting tasks/sem 2/Assign 2/TechDemo/Saved/Autosaves/Game/SideScrollerBP/Blueprints/SideScrollerCharacter_Auto1.uasset
[2018.02.21-14.36.26:082][ 39]OBJ SavePackage: Generating thumbnails for [0] asset(s) in package [/Game/HUD/MyHUD] ([1] browsable assets)...
[2018.02.21-14.36.26:082][ 39]OBJ SavePackage: Finished generating thumbnails for package [/Game/HUD/MyHUD]
[2018.02.21-14.36.26:082][ 39]Cmd: OBJ SAVEPACKAGE PACKAGE="/Game/HUD/MyHUD" FILE="E:/New folder/Year 3/Level 5 Scripting tasks/sem 2/Assign 2/TechDemo/Saved/Autosaves/Game/HUD/MyHUD_Auto1.uasset" SILENT=false AUTOSAVING=true
[2018.02.21-14.36.26:605][ 39]LogSavePackage: Save=449.91ms
[2018.02.21-14.36.26:605][ 39]LogSavePackage: Moving 'E:/New folder/Year 3/Level 5 Scripting tasks/sem 2/Assign 2/TechDemo/Saved/MyHUD_Auto1508BFFE5478257D9BAAC4F8D13EF008E.tmp' to 'E:/New folder/Year 3/Level 5 Scripting tasks/sem 2/Assign 2/TechDemo/Saved/Autosaves/Game/HUD/MyHUD_Auto1.uasset'
[2018.02.21-14.36.26:660][ 39]LogSavePackage: Display: Finished SavePackage E:/New folder/Year 3/Level 5 Scripting tasks/sem 2/Assign 2/TechDemo/Saved/Autosaves/Game/HUD/MyHUD_Auto1.uasset
[2018.02.21-14.36.26:660][ 39]LogFileHelpers: Auto-saving content packages took 4.302
[2018.02.21-14.38.07:986][ 32]PIE: UWidget::RemoveFromParent() called on '/Engine/Transient.TextBlock_55' which has no UMG parent (if it was added directly to a native Slate widget via TakeWidget() then it must be removed explicitly rather than via RemoveFromParent())
[2018.02.21-14.38.08:092][ 32]PIE: UWidget::RemoveFromParent() called on '/Engine/Transient.TextBlock_57' which has no UMG parent (if it was added directly to a native Slate widget via TakeWidget() then it must be removed explicitly rather than via RemoveFromParent())
[2018.02.21-14.38.08:097][ 32]PIE: UWidget::RemoveFromParent() called on '/Engine/Transient.TextBlock_59' which has no UMG parent (if it was added directly to a native Slate widget via TakeWidget() then it must be removed explicitly rather than via RemoveFromParent())
[2018.02.21-14.38.08:187][ 33]PIE: UWidget::RemoveFromParent() called on '/Engine/Transient.TextBlock_61' which has no UMG parent (if it was added directly to a native Slate widget via TakeWidget() then it must be removed explicitly rather than via RemoveFromParent())
[2018.02.21-14.38.08:194][ 33]PIE: UWidget::RemoveFromParent() called on '/Engine/Transient.TextBlock_63' which has no UMG parent (if it was added directly to a native Slate widget via TakeWidget() then it must be removed explicitly rather than via RemoveFromParent())
[2018.02.21-14.38.08:249][ 34]PIE: UWidget::RemoveFromParent() called on '/Engine/Transient.TextBlock_65' which has no UMG parent (if it was added directly to a native Slate widget via TakeWidget() then it must be removed explicitly rather than via RemoveFromParent())
[2018.02.21-14.38.08:256][ 34]PIE: UWidget::RemoveFromParent() called on '/Engine/Transient.TextBlock_67' which has no UMG parent (if it was added directly to a native Slate widget via TakeWidget() then it must be removed explicitly rather than via RemoveFromParent())
[2018.02.21-14.38.08:342][ 35]PIE: UWidget::RemoveFromParent() called on '/Engine/Transient.TextBlock_69' which has no UMG parent (if it was added directly to a native Slate widget via TakeWidget() then it must be removed explicitly rather than via RemoveFromParent())
[2018.02.21-14.38.08:413][ 36]PIE: UWidget::RemoveFromParent() called on '/Engine/Transient.TextBlock_71' which has no UMG parent (if it was added directly to a native Slate widget via TakeWidget() then it must be removed explicitly rather than via RemoveFromParent())
[2018.02.21-14.38.08:482][ 37]PIE: UWidget::RemoveFromParent() called on '/Engine/Transient.TextBlock_73' which has no UMG parent (if it was added directly to a native Slate widget via TakeWidget() then it must be removed explicitly rather than via RemoveFromParent())
[2018.02.21-14.38.08:553][ 38]PIE: UWidget::RemoveFromParent() called on '/Engine/Transient.TextBlock_75' which has no UMG parent (if it was added directly to a native Slate widget via TakeWidget() then it must be removed explicitly rather than via RemoveFromParent())
[2018.02.21-14.38.08:617][ 39]PIE: UWidget::RemoveFromParent() called on '/Engine/Transient.TextBlock_77' which has no UMG parent (if it was added directly to a native Slate widget via TakeWidget() then it must be removed explicitly rather than via RemoveFromParent())
[2018.02.21-14.38.08:688][ 40]PIE: UWidget::RemoveFromParent() called on '/Engine/Transient.TextBlock_79' which has no UMG parent (if it was added directly to a native Slate widget via TakeWidget() then it must be removed explicitly rather than via RemoveFromParent())
[2018.02.21-14.38.08:756][ 41]PIE: UWidget::RemoveFromParent() called on '/Engine/Transient.TextBlock_81' which has no UMG parent (if it was added directly to a native Slate widget via TakeWidget() then it must be removed explicitly rather than via RemoveFromParent())
[2018.02.21-14.38.08:825][ 42]PIE: UWidget::RemoveFromParent() called on '/Engine/Transient.TextBlock_83' which has no UMG parent (if it was added directly to a native Slate widget via TakeWidget() then it must be removed explicitly rather than via RemoveFromParent())
[2018.02.21-14.38.08:834][ 42]PIE: UWidget::RemoveFromParent() called on '/Engine/Transient.TextBlock_85' which has no UMG parent (if it was added directly to a native Slate widget via TakeWidget() then it must be removed explicitly rather than via RemoveFromParent())
[2018.02.21-14.38.08:906][ 43]PIE: UWidget::RemoveFromParent() called on '/Engine/Transient.TextBlock_87' which has no UMG parent (if it was added directly to a native Slate widget via TakeWidget() then it must be removed explicitly rather than via RemoveFromParent())
[2018.02.21-14.38.08:916][ 43]PIE: UWidget::RemoveFromParent() called on '/Engine/Transient.TextBlock_89' which has no UMG parent (if it was added directly to a native Slate widget via TakeWidget() then it must be removed explicitly rather than via RemoveFromParent())
[2018.02.21-14.38.08:972][ 44]PIE: UWidget::RemoveFromParent() called on '/Engine/Transient.TextBlock_91' which has no UMG parent (if it was added directly to a native Slate widget via TakeWidget() then it must be removed explicitly rather than via RemoveFromParent())
[2018.02.21-14.38.08:982][ 44]PIE: UWidget::RemoveFromParent() called on '/Engine/Transient.TextBlock_93' which has no UMG parent (if it was added directly to a native Slate widget via TakeWidget() then it must be removed explicitly rather than via RemoveFromParent())
[2018.02.21-14.38.09:063][ 45]PIE: UWidget::RemoveFromParent() called on '/Engine/Transient.TextBlock_95' which has no UMG parent (if it was added directly to a native Slate widget via TakeWidget() then it must be removed explicitly rather than via RemoveFromParent())
[2018.02.21-14.38.09:155][ 46]PIE: UWidget::RemoveFromParent() called on '/Engine/Transient.TextBlock_97' which has no UMG parent (if it was added directly to a native Slate widget via TakeWidget() then it must be removed explicitly rather than via RemoveFromParent())
[2018.02.21-14.38.09:212][ 47]PIE: UWidget::RemoveFromParent() called on '/Engine/Transient.TextBlock_99' which has no UMG parent (if it was added directly to a native Slate widget via TakeWidget() then it must be removed explicitly rather than via RemoveFromParent())
[2018.02.21-14.38.09:296][ 48]PIE: UWidget::RemoveFromParent() called on '/Engine/Transient.TextBlock_101' which has no UMG parent (if it was added directly to a native Slate widget via TakeWidget() then it must be removed explicitly rather than via RemoveFromParent())
[2018.02.21-14.38.09:359][ 49]PIE: UWidget::RemoveFromParent() called on '/Engine/Transient.TextBlock_103' which has no UMG parent (if it was added directly to a native Slate widget via TakeWidget() then it must be removed explicitly rather than via RemoveFromParent())
[2018.02.21-14.38.09:436][ 50]PIE: UWidget::RemoveFromParent() called on '/Engine/Transient.TextBlock_105' which has no UMG parent (if it was added directly to a native Slate widget via TakeWidget() then it must be removed explicitly rather than via RemoveFromParent())
[2018.02.21-14.38.09:509][ 51]PIE: UWidget::RemoveFromParent() called on '/Engine/Transient.TextBlock_107' which has no UMG parent (if it was added directly to a native Slate widget via TakeWidget() then it must be removed explicitly rather than via RemoveFromParent())
[2018.02.21-14.38.09:576][ 52]PIE: UWidget::RemoveFromParent() called on '/Engine/Transient.TextBlock_109' which has no UMG parent (if it was added directly to a native Slate widget via TakeWidget() then it must be removed explicitly rather than via RemoveFromParent())
[2018.02.21-14.38.09:661][ 53]PIE: UWidget::RemoveFromParent() called on '/Engine/Transient.TextBlock_111' which has no UMG parent (if it was added directly to a native Slate widget via TakeWidget() then it must be removed explicitly rather than via RemoveFromParent())
[2018.02.21-14.38.09:721][ 54]PIE: UWidget::RemoveFromParent() called on '/Engine/Transient.TextBlock_113' which has no UMG parent (if it was added directly to a native Slate widget via TakeWidget() then it must be removed explicitly rather than via RemoveFromParent())
[2018.02.21-14.38.09:794][ 55]PIE: UWidget::RemoveFromParent() called on '/Engine/Transient.TextBlock_115' which has no UMG parent (if it was added directly to a native Slate widget via TakeWidget() then it must be removed explicitly rather than via RemoveFromParent())
[2018.02.21-14.38.09:862][ 56]PIE: UWidget::RemoveFromParent() called on '/Engine/Transient.TextBlock_117' which has no UMG parent (if it was added directly to a native Slate widget via TakeWidget() then it must be removed explicitly rather than via RemoveFromParent())
[2018.02.21-14.38.09:919][ 57]PIE: UWidget::RemoveFromParent() called on '/Engine/Transient.TextBlock_119' which has no UMG parent (if it was added directly to a native Slate widget via TakeWidget() then it must be removed explicitly rather than via RemoveFromParent())
[2018.02.21-14.38.09:927][ 57]PIE: UWidget::RemoveFromParent() called on '/Engine/Transient.TextBlock_121' which has no UMG parent (if it was added directly to a native Slate widget via TakeWidget() then it must be removed explicitly rather than via RemoveFromParent())
[2018.02.21-14.38.09:996][ 58]PIE: UWidget::RemoveFromParent() called on '/Engine/Transient.TextBlock_123' which has no UMG parent (if it was added directly to a native Slate widget via TakeWidget() then it must be removed explicitly rather than via RemoveFromParent())
[2018.02.21-14.38.10:003][ 58]PIE: UWidget::RemoveFromParent() called on '/Engine/Transient.TextBlock_125' which has no UMG parent (if it was added directly to a native Slate widget via TakeWidget() then it must be removed explicitly rather than via RemoveFromParent())
[2018.02.21-14.38.10:063][ 59]PIE: UWidget::RemoveFromParent() called on '/Engine/Transient.TextBlock_127' which has no UMG parent (if it was added directly to a native Slate widget via TakeWidget() then it must be removed explicitly rather than via RemoveFromParent())
[2018.02.21-14.38.10:141][ 60]PIE: UWidget::RemoveFromParent() called on '/Engine/Transient.TextBlock_129' which has no UMG parent (if it was added directly to a native Slate widget via TakeWidget() then it must be removed explicitly rather than via RemoveFromParent())
[2018.02.21-14.38.10:208][ 61]PIE: UWidget::RemoveFromParent() called on '/Engine/Transient.TextBlock_131' which has no UMG parent (if it was added directly to a native Slate widget via TakeWidget() then it must be removed explicitly rather than via RemoveFromParent())
[2018.02.21-14.38.10:274][ 62]PIE: UWidget::RemoveFromParent() called on '/Engine/Transient.TextBlock_133' which has no UMG parent (if it was added directly to a native Slate widget via TakeWidget() then it must be removed explicitly rather than via RemoveFromParent())
[2018.02.21-14.38.10:356][ 63]PIE: UWidget::RemoveFromParent() called on '/Engine/Transient.TextBlock_135' which has no UMG parent (if it was added directly to a native Slate widget via TakeWidget() then it must be removed explicitly rather than via RemoveFromParent())
[2018.02.21-14.38.10:419][ 64]PIE: UWidget::RemoveFromParent() called on '/Engine/Transient.TextBlock_137' which has no UMG parent (if it was added directly to a native Slate widget via TakeWidget() then it must be removed explicitly rather than via RemoveFromParent())
[2018.02.21-14.38.10:489][ 65]PIE: UWidget::RemoveFromParent() called on '/Engine/Transient.TextBlock_139' which has no UMG parent (if it was added directly to a native Slate widget via TakeWidget() then it must be removed explicitly rather than via RemoveFromParent())
[2018.02.21-14.38.10:557][ 66]PIE: UWidget::RemoveFromParent() called on '/Engine/Transient.TextBlock_141' which has no UMG parent (if it was added directly to a native Slate widget via TakeWidget() then it must be removed explicitly rather than via RemoveFromParent())
[2018.02.21-14.38.10:566][ 66]PIE: UWidget::RemoveFromParent() called on '/Engine/Transient.TextBlock_143' which has no UMG parent (if it was added directly to a native Slate widget via TakeWidget() then it must be removed explicitly rather than via RemoveFromParent())
[2018.02.21-14.38.10:624][ 67]PIE: UWidget::RemoveFromParent() called on '/Engine/Transient.TextBlock_145' which has no UMG parent (if it was added directly to a native Slate widget via TakeWidget() then it must be removed explicitly rather than via RemoveFromParent())
[2018.02.21-14.38.10:632][ 67]PIE: UWidget::RemoveFromParent() called on '/Engine/Transient.TextBlock_147' which has no UMG parent (if it was added directly to a native Slate widget via TakeWidget() then it must be removed explicitly rather than via RemoveFromParent())
[2018.02.21-14.38.10:715][ 68]PIE: UWidget::RemoveFromParent() called on '/Engine/Transient.TextBlock_149' which has no UMG parent (if it was added directly to a native Slate widget via TakeWidget() then it must be removed explicitly rather than via RemoveFromParent())
[2018.02.21-14.38.10:775][ 69]PIE: UWidget::RemoveFromParent() called on '/Engine/Transient.TextBlock_151' which has no UMG parent (if it was added directly to a native Slate widget via TakeWidget() then it must be removed explicitly rather than via RemoveFromParent())
[2018.02.21-14.38.10:857][ 70]PIE: UWidget::RemoveFromParent() called on '/Engine/Transient.TextBlock_153' which has no UMG parent (if it was added directly to a native Slate widget via TakeWidget() then it must be removed explicitly rather than via RemoveFromParent())
[2018.02.21-14.38.10:937][ 71]PIE: UWidget::RemoveFromParent() called on '/Engine/Transient.TextBlock_155' which has no UMG parent (if it was added directly to a native Slate widget via TakeWidget() then it must be removed explicitly rather than via RemoveFromParent())
[2018.02.21-14.38.10:999][ 72]PIE: UWidget::RemoveFromParent() called on '/Engine/Transient.TextBlock_157' which has no UMG parent (if it was added directly to a native Slate widget via TakeWidget() then it must be removed explicitly rather than via RemoveFromParent())
[2018.02.21-14.38.11:083][ 73]PIE: UWidget::RemoveFromParent() called on '/Engine/Transient.TextBlock_159' which has no UMG parent (if it was added directly to a native Slate widget via TakeWidget() then it must be removed explicitly rather than via RemoveFromParent())
[2018.02.21-14.38.11:092][ 73]PIE: UWidget::RemoveFromParent() called on '/Engine/Transient.TextBlock_161' which has no UMG parent (if it was added directly to a native Slate widget via TakeWidget() then it must be removed explicitly rather than via RemoveFromParent())
[2018.02.21-14.38.11:151][ 74]PIE: UWidget::RemoveFromParent() called on '/Engine/Transient.TextBlock_163' which has no UMG parent (if it was added directly to a native Slate widget via TakeWidget() then it must be removed explicitly rather than via RemoveFromParent())
[2018.02.21-14.38.11:170][ 74]PIE: UWidget::RemoveFromParent() called on '/Engine/Transient.TextBlock_165' which has no UMG parent (if it was added directly to a native Slate widget via TakeWidget() then it must be removed explicitly rather than via RemoveFromParent())
[2018.02.21-14.38.11:232][ 75]PIE: UWidget::RemoveFromParent() called on '/Engine/Transient.TextBlock_167' which has no UMG parent (if it was added directly to a native Slate widget via TakeWidget() then it must be removed explicitly rather than via RemoveFromParent())
[2018.02.21-14.38.11:306][ 76]PIE: UWidget::RemoveFromParent() called on '/Engine/Transient.TextBlock_169' which has no UMG parent (if it was added directly to a native Slate widget via TakeWidget() then it must be removed explicitly rather than via RemoveFromParent())
[2018.02.21-14.38.11:316][ 76]PIE: UWidget::RemoveFromParent() called on '/Engine/Transient.TextBlock_171' which has no UMG parent (if it was added directly to a native Slate widget via TakeWidget() then it must be removed explicitly rather than via RemoveFromParent())
[2018.02.21-14.38.11:373][ 77]PIE: UWidget::RemoveFromParent() called on '/Engine/Transient.TextBlock_173' which has no UMG parent (if it was added directly to a native Slate widget via TakeWidget() then it must be removed explicitly rather than via RemoveFromParent())
[2018.02.21-14.38.11:380][ 77]PIE: UWidget::RemoveFromParent() called on '/Engine/Transient.TextBlock_175' which has no UMG parent (if it was added directly to a native Slate widget via TakeWidget() then it must be removed explicitly rather than via RemoveFromParent())
[2018.02.21-14.38.11:455][ 78]PIE: UWidget::RemoveFromParent() called on '/Engine/Transient.TextBlock_177' which has no UMG parent (if it was added directly to a native Slate widget via TakeWidget() then it must be removed explicitly rather than via RemoveFromParent())
[2018.02.21-14.38.11:462][ 78]PIE: UWidget::RemoveFromParent() called on '/Engine/Transient.TextBlock_179' which has no UMG parent (if it was added directly to a native Slate widget via TakeWidget() then it must be removed explicitly rather than via RemoveFromParent())
[2018.02.21-14.38.11:537][ 79]PIE: UWidget::RemoveFromParent() called on '/Engine/Transient.TextBlock_181' which has no UMG parent (if it was added directly to a native Slate widget via TakeWidget() then it must be removed explicitly rather than via RemoveFromParent())
[2018.02.21-14.38.11:543][ 79]PIE: UWidget::RemoveFromParent() called on '/Engine/Transient.TextBlock_183' which has no UMG parent (if it was added directly to a native Slate widget via TakeWidget() then it must be removed explicitly rather than via RemoveFromParent())
[2018.02.21-14.38.11:600][ 80]PIE: UWidget::RemoveFromParent() called on '/Engine/Transient.TextBlock_185' which has no UMG parent (if it was added directly to a native Slate widget via TakeWidget() then it must be removed explicitly rather than via RemoveFromParent())
[2018.02.21-14.38.11:608][ 80]PIE: UWidget::RemoveFromParent() called on '/Engine/Transient.TextBlock_187' which has no UMG parent (if it was added directly to a native Slate widget via TakeWidget() then it must be removed explicitly rather than via RemoveFromParent())
[2018.02.21-14.38.11:695][ 81]PIE: UWidget::RemoveFromParent() called on '/Engine/Transient.TextBlock_189' which has no UMG parent (if it was added directly to a native Slate widget via TakeWidget() then it must be removed explicitly rather than via RemoveFromParent())
[2018.02.21-14.38.11:701][ 81]PIE: UWidget::RemoveFromParent() called on '/Engine/Transient.TextBlock_191' which has no UMG parent (if it was added directly to a native Slate widget via TakeWidget() then it must be removed explicitly rather than via RemoveFromParent())
[2018.02.21-14.38.11:708][ 81]PIE: UWidget::RemoveFromParent() called on '/Engine/Transient.TextBlock_193' which has no UMG parent (if it was added directly to a native Slate widget via TakeWidget() then it must be removed explicitly rather than via RemoveFromParent())
[2018.02.21-14.38.11:777][ 82]PIE: UWidget::RemoveFromParent() called on '/Engine/Transient.TextBlock_195' which has no UMG parent (if it was added directly to a native Slate widget via TakeWidget() then it must be removed explicitly rather than via RemoveFromParent())
[2018.02.21-14.38.11:791][ 82]PIE: UWidget::RemoveFromParent() called on '/Engine/Transient.TextBlock_197' which has no UMG parent (if it was added directly to a native Slate widget via TakeWidget() then it must be removed explicitly rather than via RemoveFromParent())
[2018.02.21-14.38.11:796][ 82]PIE: UWidget::RemoveFromParent() called on '/Engine/Transient.TextBlock_199' which has no UMG parent (if it was added directly to a native Slate widget via TakeWidget() then it must be removed explicitly rather than via RemoveFromParent())
[2018.02.21-14.38.11:804][ 82]PIE: UWidget::RemoveFromParent() called on '/Engine/Transient.TextBlock_201' which has no UMG parent (if it was added directly to a native Slate widget via TakeWidget() then it must be removed explicitly rather than via RemoveFromParent())
[2018.02.21-14.38.11:857][ 83]PIE: UWidget::RemoveFromParent() called on '/Engine/Transient.TextBlock_203' which has no UMG parent (if it was added directly to a native Slate widget via TakeWidget() then it must be removed explicitly rather than via RemoveFromParent())
[2018.02.21-14.38.11:931][ 84]PIE: UWidget::RemoveFromParent() called on '/Engine/Transient.TextBlock_205' which has no UMG parent (if it was added directly to a native Slate widget via TakeWidget() then it must be removed explicitly rather than via RemoveFromParent())
[2018.02.21-14.38.11:938][ 84]PIE: UWidget::RemoveFromParent() called on '/Engine/Transient.TextBlock_207' which has no UMG parent (if it was added directly to a native Slate widget via TakeWidget() then it must be removed explicitly rather than via RemoveFromParent())
[2018.02.21-14.38.11:994][ 85]PIE: UWidget::RemoveFromParent() called on '/Engine/Transient.TextBlock_209' which has no UMG parent (if it was added directly to a native Slate widget via TakeWidget() then it must be removed explicitly rather than via RemoveFromParent())
[2018.02.21-14.38.12:071][ 86]PIE: UWidget::RemoveFromParent() called on '/Engine/Transient.TextBlock_211' which has no UMG parent (if it was added directly to a native Slate widget via TakeWidget() then it must be removed explicitly rather than via RemoveFromParent())
[2018.02.21-14.38.12:155][ 87]PIE: UWidget::RemoveFromParent() called on '/Engine/Transient.TextBlock_213' which has no UMG parent (if it was added directly to a native Slate widget via TakeWidget() then it must be removed explicitly rather than via RemoveFromParent())
[2018.02.21-14.38.12:211][ 88]PIE: UWidget::RemoveFromParent() called on '/Engine/Transient.TextBlock_215' which has no UMG parent (if it was added directly to a native Slate widget via TakeWidget() then it must be removed explicitly rather than via RemoveFromParent())
